#
# A fatal error has been detected by the Java Runtime Environment:
#
#  EXCEPTION_ACCESS_VIOLATION (0xc0000005) at pc=0x00007ff80f036490, pid=17088, tid=14380
#
# JRE version: Java(TM) SE Runtime Environment (11.0.3+12) (build 11.0.3+12-LTS)
# Java VM: Java HotSpot(TM) 64-Bit Server VM (11.0.3+12-LTS, mixed mode, tiered, compressed oops, g1 gc, windows-amd64)
# Problematic frame:
# C  [glfw.dll+0x6490]
#
# No core dump will be written. Minidumps are not enabled by default on client versions of Windows
#
# If you would like to submit a bug report, please visit:
#   http://bugreport.java.com/bugreport/crash.jsp
# The crash happened outside the Java Virtual Machine in native code.
# See problematic frame for where to report the bug.
#

---------------  S U M M A R Y ------------

Command Line: -javaagent:C:\Program Files\JetBrains\IntelliJ IDEA Community Edition 2018.3.4\lib\idea_rt.jar=60211:C:\Program Files\JetBrains\IntelliJ IDEA Community Edition 2018.3.4\bin -Dfile.encoding=UTF-8 game.Main

Host: Intel(R) Core(TM) i5-7200U CPU @ 2.50GHz, 4 cores, 7G,  Windows 10 , 64 bit Build 18362 (10.0.18362.329)
Time: Sun Dec 29 20:54:36 2019 ?rodkowoeuropejski czas stand. elapsed time: 2 seconds (0d 0h 0m 2s)

---------------  T H R E A D  ---------------

Current thread (0x0000020fc9fe4000):  JavaThread "game" [_thread_in_native, id=14380, stack(0x000000e820a00000,0x000000e820b00000)]

Stack: [0x000000e820a00000,0x000000e820b00000],  sp=0x000000e820aff5e0,  free space=1021k
Native frames: (J=compiled Java code, j=interpreted, Vv=VM code, C=native code)
C  [glfw.dll+0x6490]

Java frames: (J=compiled Java code, j=interpreted, Vv=VM code)
J 706  org.lwjgl.system.JNI.invokePV(JJ)V (0 bytes) @ 0x0000020fdb5f5704 [0x0000020fdb5f56c0+0x0000000000000044]
j  org.lwjgl.glfw.GLFW.glfwDestroyWindow(J)V+6
j  game.Main.<init>()V+72
j  game.Main.game([Ljava/lang/String;)V+4
v  ~StubRoutines::call_stub

siginfo: EXCEPTION_ACCESS_VIOLATION (0xc0000005), reading address 0x0000000000000000


Register to memory mapping:

RIP=0x00007ff80f036490 glfw.dll
RAX=0x0 is NULL
RBX=0x0000020feb1224f0 points into unknown readable memory: 10 00 38 00 00 00 00 00
RCX=0x0 is NULL
RDX=0x00007ff80f087ee0 glfw.dll
RSP=0x000000e820aff5e0 is pointing into the stack for thread: 0x0000020fc9fe4000
RBP=0x000000e820aff670 is pointing into the stack for thread: 0x0000020fc9fe4000
RSI=0x0000000000000140 is an unknown value
RDI=0x0000000000000ff3 is an unknown value
R8 =0x0000020feb1224f0 points into unknown readable memory: 10 00 38 00 00 00 00 00
R9 =0x00007ff80f0363e0 glfw.dll
R10=0x00007ff822551b10 lwjgl.dll
R11=0x0000020fdb5f56d8 is at entry_point+24 in (nmethod*)0x0000020fdb5f5510
R12=0x0 is NULL
R13=0x000000e820aff688 is pointing into the stack for thread: 0x0000020fc9fe4000
R14=0x000000e820aff660 is pointing into the stack for thread: 0x0000020fc9fe4000
R15=0x0000020fc9fe4000 is a thread


Registers:
RAX=0x0000000000000000, RBX=0x0000020feb1224f0, RCX=0x0000000000000000, RDX=0x00007ff80f087ee0
RSP=0x000000e820aff5e0, RBP=0x000000e820aff670, RSI=0x0000000000000140, RDI=0x0000000000000ff3
R8 =0x0000020feb1224f0, R9 =0x00007ff80f0363e0, R10=0x00007ff822551b10, R11=0x0000020fdb5f56d8
R12=0x0000000000000000, R13=0x000000e820aff688, R14=0x000000e820aff660, R15=0x0000020fc9fe4000
RIP=0x00007ff80f036490, EFLAGS=0x0000000000010283

Top of Stack: (sp=0x000000e820aff5e0)
0x000000e820aff5e0:   0000020feb1224f0 0000020fdb5f6029
0x000000e820aff5f0:   0000000000000001 0000000000000140
0x000000e820aff600:   0000020feb80e1b0 0000020fdb5f57a4
0x000000e820aff610:   00007ff80f033870 00007ff81c280000
0x000000e820aff620:   000001a959b04681 00007ff81c2add6a
0x000000e820aff630:   0000000000000000 00000000899f8c58
0x000000e820aff640:   000083381831376b 00000000899f8c58
0x000000e820aff650:   0000020feb8bdb70 0000020fdb5f689d
0x000000e820aff660:   00000000899f8c58 0000020fd41b4ed4
0x000000e820aff670:   000000e820aff6f0 0000020fd3b09e03
0x000000e820aff680:   0000020fd3b09e03 00007ff80f0363e0
0x000000e820aff690:   0000000000000000 0000020feb1224f0
0x000000e820aff6a0:   0000000000000000 000000e820aff6a8
0x000000e820aff6b0:   0000020fea897cde 000000e820aff718
0x000000e820aff6c0:   0000020fea8bb288 0000000000000000
0x000000e820aff6d0:   0000000089bcd398 0000020fea897d10 

Instructions: (pc=0x00007ff80f036490)
0x00007ff80f036470:   48 8b 0d 69 1a 05 00 48 8d 15 62 1a 05 00 48 3b
0x00007ff80f036480:   cb 74 1b 0f 1f 40 00 66 0f 1f 84 00 00 00 00 00
0x00007ff80f036490:   48 8b 01 48 8b d1 48 8b c8 48 3b c3 75 f2 48 8b
0x00007ff80f0364a0:   03 48 8b cb 48 89 02 48 83 c4 20 5b e9 97 27 01 


Stack slot to memory mapping:
stack at sp + 0 slots: 0x0000020feb1224f0 points into unknown readable memory: 10 00 38 00 00 00 00 00
stack at sp + 1 slots: 0x0000020fdb5f6029 is at entry_point+233 in (nmethod*)0x0000020fdb5f5d90
stack at sp + 2 slots: 0x0000000000000001 is an unknown value
stack at sp + 3 slots: 0x0000000000000140 is an unknown value
stack at sp + 4 slots: {method} {0x0000020feb80e1b8} 'invokePV' '(JJ)V' in 'org/lwjgl/system/JNI'
stack at sp + 5 slots: 0x0000020fdb5f57a4 is at entry_point+228 in (nmethod*)0x0000020fdb5f5510
stack at sp + 6 slots: 0x00007ff80f033870 glfw.dll
stack at sp + 7 slots: 0x00007ff81c280000 opengl32.dll


---------------  P R O C E S S  ---------------

Threads class SMR info:
_java_thread_list=0x0000020feae7bf70, length=11, elements={
0x0000020fc9fe4000, 0x0000020fea299000, 0x0000020fea2a3800, 0x0000020feac23000,
0x0000020fea2b7000, 0x0000020fea2b9000, 0x0000020fea2c0800, 0x0000020fea2c7800,
0x0000020feadb0800, 0x0000020feb00b000, 0x0000020feaebd800
}

Java Threads: ( => current thread )
=>0x0000020fc9fe4000 JavaThread "game" [_thread_in_native, id=14380, stack(0x000000e820a00000,0x000000e820b00000)]
  0x0000020fea299000 JavaThread "Reference Handler" daemon [_thread_blocked, id=20172, stack(0x000000e821100000,0x000000e821200000)]
  0x0000020fea2a3800 JavaThread "Finalizer" daemon [_thread_blocked, id=11260, stack(0x000000e821200000,0x000000e821300000)]
  0x0000020feac23000 JavaThread "Signal Dispatcher" daemon [_thread_blocked, id=14544, stack(0x000000e821300000,0x000000e821400000)]
  0x0000020fea2b7000 JavaThread "Attach Listener" daemon [_thread_blocked, id=9680, stack(0x000000e821400000,0x000000e821500000)]
  0x0000020fea2b9000 JavaThread "C2 CompilerThread0" daemon [_thread_blocked, id=5784, stack(0x000000e821500000,0x000000e821600000)]
  0x0000020fea2c0800 JavaThread "C1 CompilerThread0" daemon [_thread_blocked, id=4676, stack(0x000000e821600000,0x000000e821700000)]
  0x0000020fea2c7800 JavaThread "Sweeper thread" daemon [_thread_blocked, id=14808, stack(0x000000e821700000,0x000000e821800000)]
  0x0000020feadb0800 JavaThread "Common-Cleaner" daemon [_thread_blocked, id=11732, stack(0x000000e821800000,0x000000e821900000)]
  0x0000020feb00b000 JavaThread "Monitor Ctrl-Break" daemon [_thread_in_native, id=10720, stack(0x000000e821900000,0x000000e821a00000)]
  0x0000020feaebd800 JavaThread "Service Thread" daemon [_thread_blocked, id=11708, stack(0x000000e821a00000,0x000000e821b00000)]

Other Threads:
  0x0000020fea274800 VMThread "VM Thread" [stack: 0x000000e821000000,0x000000e821100000] [id=13576]
  0x0000020feaebe000 WatcherThread [stack: 0x000000e821b00000,0x000000e821c00000] [id=1192]
  0x0000020fc9ffa000 GCTaskThread "GC Thread#0" [stack: 0x000000e820b00000,0x000000e820c00000] [id=4648]
  0x0000020fca026000 ConcurrentGCThread "G1 Main Marker" [stack: 0x000000e820c00000,0x000000e820d00000] [id=17124]
  0x0000020fca027800 ConcurrentGCThread "G1 Conc#0" [stack: 0x000000e820d00000,0x000000e820e00000] [id=2496]
  0x0000020fea0e0800 ConcurrentGCThread "G1 Refine#0" [stack: 0x000000e820e00000,0x000000e820f00000] [id=13848]
  0x0000020fea0e1800 ConcurrentGCThread "G1 Young RemSet Sampling" [stack: 0x000000e820f00000,0x000000e821000000] [id=10752]

Threads with active compile tasks:

VM state:not at safepoint (normal execution)

VM Mutex/Monitor currently owned by a thread: None

Heap address: 0x0000000081e00000, size: 2018 MB, Compressed Oops mode: 32-bit
Narrow klass base: 0x0000000000000000, Narrow klass shift: 3
Compressed class space size: 1073741824 Address: 0x0000000100000000

Heap:
 garbage-first heap   total 131072K, used 13312K [0x0000000081e00000, 0x0000000100000000)
  region size 1024K, 14 young (14336K), 0 survivors (0K)
 Metaspace       used 12308K, capacity 12509K, committed 12800K, reserved 1060864K
  class space    used 896K, capacity 938K, committed 1024K, reserved 1048576K
Heap Regions: E=young(eden), S=young(survivor), O=old, HS=humongous(starts), HC=humongous(continues), CS=collection set, F=free, A=archive, TAMS=top-at-mark-start (previous, next)
|   0|0x0000000081e00000, 0x0000000081e00000, 0x0000000081f00000|  0%| F|  |TAMS 0x0000000081e00000, 0x0000000081e00000| Untracked 
|   1|0x0000000081f00000, 0x0000000081f00000, 0x0000000082000000|  0%| F|  |TAMS 0x0000000081f00000, 0x0000000081f00000| Untracked 
|   2|0x0000000082000000, 0x0000000082000000, 0x0000000082100000|  0%| F|  |TAMS 0x0000000082000000, 0x0000000082000000| Untracked 
|   3|0x0000000082100000, 0x0000000082100000, 0x0000000082200000|  0%| F|  |TAMS 0x0000000082100000, 0x0000000082100000| Untracked 
|   4|0x0000000082200000, 0x0000000082200000, 0x0000000082300000|  0%| F|  |TAMS 0x0000000082200000, 0x0000000082200000| Untracked 
|   5|0x0000000082300000, 0x0000000082300000, 0x0000000082400000|  0%| F|  |TAMS 0x0000000082300000, 0x0000000082300000| Untracked 
|   6|0x0000000082400000, 0x0000000082400000, 0x0000000082500000|  0%| F|  |TAMS 0x0000000082400000, 0x0000000082400000| Untracked 
|   7|0x0000000082500000, 0x0000000082500000, 0x0000000082600000|  0%| F|  |TAMS 0x0000000082500000, 0x0000000082500000| Untracked 
|   8|0x0000000082600000, 0x0000000082600000, 0x0000000082700000|  0%| F|  |TAMS 0x0000000082600000, 0x0000000082600000| Untracked 
|   9|0x0000000082700000, 0x0000000082700000, 0x0000000082800000|  0%| F|  |TAMS 0x0000000082700000, 0x0000000082700000| Untracked 
|  10|0x0000000082800000, 0x0000000082800000, 0x0000000082900000|  0%| F|  |TAMS 0x0000000082800000, 0x0000000082800000| Untracked 
|  11|0x0000000082900000, 0x0000000082900000, 0x0000000082a00000|  0%| F|  |TAMS 0x0000000082900000, 0x0000000082900000| Untracked 
|  12|0x0000000082a00000, 0x0000000082a00000, 0x0000000082b00000|  0%| F|  |TAMS 0x0000000082a00000, 0x0000000082a00000| Untracked 
|  13|0x0000000082b00000, 0x0000000082b00000, 0x0000000082c00000|  0%| F|  |TAMS 0x0000000082b00000, 0x0000000082b00000| Untracked 
|  14|0x0000000082c00000, 0x0000000082c00000, 0x0000000082d00000|  0%| F|  |TAMS 0x0000000082c00000, 0x0000000082c00000| Untracked 
|  15|0x0000000082d00000, 0x0000000082d00000, 0x0000000082e00000|  0%| F|  |TAMS 0x0000000082d00000, 0x0000000082d00000| Untracked 
|  16|0x0000000082e00000, 0x0000000082e00000, 0x0000000082f00000|  0%| F|  |TAMS 0x0000000082e00000, 0x0000000082e00000| Untracked 
|  17|0x0000000082f00000, 0x0000000082f00000, 0x0000000083000000|  0%| F|  |TAMS 0x0000000082f00000, 0x0000000082f00000| Untracked 
|  18|0x0000000083000000, 0x0000000083000000, 0x0000000083100000|  0%| F|  |TAMS 0x0000000083000000, 0x0000000083000000| Untracked 
|  19|0x0000000083100000, 0x0000000083100000, 0x0000000083200000|  0%| F|  |TAMS 0x0000000083100000, 0x0000000083100000| Untracked 
|  20|0x0000000083200000, 0x0000000083200000, 0x0000000083300000|  0%| F|  |TAMS 0x0000000083200000, 0x0000000083200000| Untracked 
|  21|0x0000000083300000, 0x0000000083300000, 0x0000000083400000|  0%| F|  |TAMS 0x0000000083300000, 0x0000000083300000| Untracked 
|  22|0x0000000083400000, 0x0000000083400000, 0x0000000083500000|  0%| F|  |TAMS 0x0000000083400000, 0x0000000083400000| Untracked 
|  23|0x0000000083500000, 0x0000000083500000, 0x0000000083600000|  0%| F|  |TAMS 0x0000000083500000, 0x0000000083500000| Untracked 
|  24|0x0000000083600000, 0x0000000083600000, 0x0000000083700000|  0%| F|  |TAMS 0x0000000083600000, 0x0000000083600000| Untracked 
|  25|0x0000000083700000, 0x0000000083700000, 0x0000000083800000|  0%| F|  |TAMS 0x0000000083700000, 0x0000000083700000| Untracked 
|  26|0x0000000083800000, 0x0000000083800000, 0x0000000083900000|  0%| F|  |TAMS 0x0000000083800000, 0x0000000083800000| Untracked 
|  27|0x0000000083900000, 0x0000000083900000, 0x0000000083a00000|  0%| F|  |TAMS 0x0000000083900000, 0x0000000083900000| Untracked 
|  28|0x0000000083a00000, 0x0000000083a00000, 0x0000000083b00000|  0%| F|  |TAMS 0x0000000083a00000, 0x0000000083a00000| Untracked 
|  29|0x0000000083b00000, 0x0000000083b00000, 0x0000000083c00000|  0%| F|  |TAMS 0x0000000083b00000, 0x0000000083b00000| Untracked 
|  30|0x0000000083c00000, 0x0000000083c00000, 0x0000000083d00000|  0%| F|  |TAMS 0x0000000083c00000, 0x0000000083c00000| Untracked 
|  31|0x0000000083d00000, 0x0000000083d00000, 0x0000000083e00000|  0%| F|  |TAMS 0x0000000083d00000, 0x0000000083d00000| Untracked 
|  32|0x0000000083e00000, 0x0000000083e00000, 0x0000000083f00000|  0%| F|  |TAMS 0x0000000083e00000, 0x0000000083e00000| Untracked 
|  33|0x0000000083f00000, 0x0000000083f00000, 0x0000000084000000|  0%| F|  |TAMS 0x0000000083f00000, 0x0000000083f00000| Untracked 
|  34|0x0000000084000000, 0x0000000084000000, 0x0000000084100000|  0%| F|  |TAMS 0x0000000084000000, 0x0000000084000000| Untracked 
|  35|0x0000000084100000, 0x0000000084100000, 0x0000000084200000|  0%| F|  |TAMS 0x0000000084100000, 0x0000000084100000| Untracked 
|  36|0x0000000084200000, 0x0000000084200000, 0x0000000084300000|  0%| F|  |TAMS 0x0000000084200000, 0x0000000084200000| Untracked 
|  37|0x0000000084300000, 0x0000000084300000, 0x0000000084400000|  0%| F|  |TAMS 0x0000000084300000, 0x0000000084300000| Untracked 
|  38|0x0000000084400000, 0x0000000084400000, 0x0000000084500000|  0%| F|  |TAMS 0x0000000084400000, 0x0000000084400000| Untracked 
|  39|0x0000000084500000, 0x0000000084500000, 0x0000000084600000|  0%| F|  |TAMS 0x0000000084500000, 0x0000000084500000| Untracked 
|  40|0x0000000084600000, 0x0000000084600000, 0x0000000084700000|  0%| F|  |TAMS 0x0000000084600000, 0x0000000084600000| Untracked 
|  41|0x0000000084700000, 0x0000000084700000, 0x0000000084800000|  0%| F|  |TAMS 0x0000000084700000, 0x0000000084700000| Untracked 
|  42|0x0000000084800000, 0x0000000084800000, 0x0000000084900000|  0%| F|  |TAMS 0x0000000084800000, 0x0000000084800000| Untracked 
|  43|0x0000000084900000, 0x0000000084900000, 0x0000000084a00000|  0%| F|  |TAMS 0x0000000084900000, 0x0000000084900000| Untracked 
|  44|0x0000000084a00000, 0x0000000084a00000, 0x0000000084b00000|  0%| F|  |TAMS 0x0000000084a00000, 0x0000000084a00000| Untracked 
|  45|0x0000000084b00000, 0x0000000084b00000, 0x0000000084c00000|  0%| F|  |TAMS 0x0000000084b00000, 0x0000000084b00000| Untracked 
|  46|0x0000000084c00000, 0x0000000084c00000, 0x0000000084d00000|  0%| F|  |TAMS 0x0000000084c00000, 0x0000000084c00000| Untracked 
|  47|0x0000000084d00000, 0x0000000084d00000, 0x0000000084e00000|  0%| F|  |TAMS 0x0000000084d00000, 0x0000000084d00000| Untracked 
|  48|0x0000000084e00000, 0x0000000084e00000, 0x0000000084f00000|  0%| F|  |TAMS 0x0000000084e00000, 0x0000000084e00000| Untracked 
|  49|0x0000000084f00000, 0x0000000084f00000, 0x0000000085000000|  0%| F|  |TAMS 0x0000000084f00000, 0x0000000084f00000| Untracked 
|  50|0x0000000085000000, 0x0000000085000000, 0x0000000085100000|  0%| F|  |TAMS 0x0000000085000000, 0x0000000085000000| Untracked 
|  51|0x0000000085100000, 0x0000000085100000, 0x0000000085200000|  0%| F|  |TAMS 0x0000000085100000, 0x0000000085100000| Untracked 
|  52|0x0000000085200000, 0x0000000085200000, 0x0000000085300000|  0%| F|  |TAMS 0x0000000085200000, 0x0000000085200000| Untracked 
|  53|0x0000000085300000, 0x0000000085300000, 0x0000000085400000|  0%| F|  |TAMS 0x0000000085300000, 0x0000000085300000| Untracked 
|  54|0x0000000085400000, 0x0000000085400000, 0x0000000085500000|  0%| F|  |TAMS 0x0000000085400000, 0x0000000085400000| Untracked 
|  55|0x0000000085500000, 0x0000000085500000, 0x0000000085600000|  0%| F|  |TAMS 0x0000000085500000, 0x0000000085500000| Untracked 
|  56|0x0000000085600000, 0x0000000085600000, 0x0000000085700000|  0%| F|  |TAMS 0x0000000085600000, 0x0000000085600000| Untracked 
|  57|0x0000000085700000, 0x0000000085700000, 0x0000000085800000|  0%| F|  |TAMS 0x0000000085700000, 0x0000000085700000| Untracked 
|  58|0x0000000085800000, 0x0000000085800000, 0x0000000085900000|  0%| F|  |TAMS 0x0000000085800000, 0x0000000085800000| Untracked 
|  59|0x0000000085900000, 0x0000000085900000, 0x0000000085a00000|  0%| F|  |TAMS 0x0000000085900000, 0x0000000085900000| Untracked 
|  60|0x0000000085a00000, 0x0000000085a00000, 0x0000000085b00000|  0%| F|  |TAMS 0x0000000085a00000, 0x0000000085a00000| Untracked 
|  61|0x0000000085b00000, 0x0000000085b00000, 0x0000000085c00000|  0%| F|  |TAMS 0x0000000085b00000, 0x0000000085b00000| Untracked 
|  62|0x0000000085c00000, 0x0000000085c00000, 0x0000000085d00000|  0%| F|  |TAMS 0x0000000085c00000, 0x0000000085c00000| Untracked 
|  63|0x0000000085d00000, 0x0000000085d00000, 0x0000000085e00000|  0%| F|  |TAMS 0x0000000085d00000, 0x0000000085d00000| Untracked 
|  64|0x0000000085e00000, 0x0000000085e00000, 0x0000000085f00000|  0%| F|  |TAMS 0x0000000085e00000, 0x0000000085e00000| Untracked 
|  65|0x0000000085f00000, 0x0000000085f00000, 0x0000000086000000|  0%| F|  |TAMS 0x0000000085f00000, 0x0000000085f00000| Untracked 
|  66|0x0000000086000000, 0x0000000086000000, 0x0000000086100000|  0%| F|  |TAMS 0x0000000086000000, 0x0000000086000000| Untracked 
|  67|0x0000000086100000, 0x0000000086100000, 0x0000000086200000|  0%| F|  |TAMS 0x0000000086100000, 0x0000000086100000| Untracked 
|  68|0x0000000086200000, 0x0000000086200000, 0x0000000086300000|  0%| F|  |TAMS 0x0000000086200000, 0x0000000086200000| Untracked 
|  69|0x0000000086300000, 0x0000000086300000, 0x0000000086400000|  0%| F|  |TAMS 0x0000000086300000, 0x0000000086300000| Untracked 
|  70|0x0000000086400000, 0x0000000086400000, 0x0000000086500000|  0%| F|  |TAMS 0x0000000086400000, 0x0000000086400000| Untracked 
|  71|0x0000000086500000, 0x0000000086500000, 0x0000000086600000|  0%| F|  |TAMS 0x0000000086500000, 0x0000000086500000| Untracked 
|  72|0x0000000086600000, 0x0000000086600000, 0x0000000086700000|  0%| F|  |TAMS 0x0000000086600000, 0x0000000086600000| Untracked 
|  73|0x0000000086700000, 0x0000000086700000, 0x0000000086800000|  0%| F|  |TAMS 0x0000000086700000, 0x0000000086700000| Untracked 
|  74|0x0000000086800000, 0x0000000086800000, 0x0000000086900000|  0%| F|  |TAMS 0x0000000086800000, 0x0000000086800000| Untracked 
|  75|0x0000000086900000, 0x0000000086900000, 0x0000000086a00000|  0%| F|  |TAMS 0x0000000086900000, 0x0000000086900000| Untracked 
|  76|0x0000000086a00000, 0x0000000086a00000, 0x0000000086b00000|  0%| F|  |TAMS 0x0000000086a00000, 0x0000000086a00000| Untracked 
|  77|0x0000000086b00000, 0x0000000086b00000, 0x0000000086c00000|  0%| F|  |TAMS 0x0000000086b00000, 0x0000000086b00000| Untracked 
|  78|0x0000000086c00000, 0x0000000086c00000, 0x0000000086d00000|  0%| F|  |TAMS 0x0000000086c00000, 0x0000000086c00000| Untracked 
|  79|0x0000000086d00000, 0x0000000086d00000, 0x0000000086e00000|  0%| F|  |TAMS 0x0000000086d00000, 0x0000000086d00000| Untracked 
|  80|0x0000000086e00000, 0x0000000086e00000, 0x0000000086f00000|  0%| F|  |TAMS 0x0000000086e00000, 0x0000000086e00000| Untracked 
|  81|0x0000000086f00000, 0x0000000086f00000, 0x0000000087000000|  0%| F|  |TAMS 0x0000000086f00000, 0x0000000086f00000| Untracked 
|  82|0x0000000087000000, 0x0000000087000000, 0x0000000087100000|  0%| F|  |TAMS 0x0000000087000000, 0x0000000087000000| Untracked 
|  83|0x0000000087100000, 0x0000000087100000, 0x0000000087200000|  0%| F|  |TAMS 0x0000000087100000, 0x0000000087100000| Untracked 
|  84|0x0000000087200000, 0x0000000087200000, 0x0000000087300000|  0%| F|  |TAMS 0x0000000087200000, 0x0000000087200000| Untracked 
|  85|0x0000000087300000, 0x0000000087300000, 0x0000000087400000|  0%| F|  |TAMS 0x0000000087300000, 0x0000000087300000| Untracked 
|  86|0x0000000087400000, 0x0000000087400000, 0x0000000087500000|  0%| F|  |TAMS 0x0000000087400000, 0x0000000087400000| Untracked 
|  87|0x0000000087500000, 0x0000000087500000, 0x0000000087600000|  0%| F|  |TAMS 0x0000000087500000, 0x0000000087500000| Untracked 
|  88|0x0000000087600000, 0x0000000087600000, 0x0000000087700000|  0%| F|  |TAMS 0x0000000087600000, 0x0000000087600000| Untracked 
|  89|0x0000000087700000, 0x0000000087700000, 0x0000000087800000|  0%| F|  |TAMS 0x0000000087700000, 0x0000000087700000| Untracked 
|  90|0x0000000087800000, 0x0000000087800000, 0x0000000087900000|  0%| F|  |TAMS 0x0000000087800000, 0x0000000087800000| Untracked 
|  91|0x0000000087900000, 0x0000000087900000, 0x0000000087a00000|  0%| F|  |TAMS 0x0000000087900000, 0x0000000087900000| Untracked 
|  92|0x0000000087a00000, 0x0000000087a00000, 0x0000000087b00000|  0%| F|  |TAMS 0x0000000087a00000, 0x0000000087a00000| Untracked 
|  93|0x0000000087b00000, 0x0000000087b00000, 0x0000000087c00000|  0%| F|  |TAMS 0x0000000087b00000, 0x0000000087b00000| Untracked 
|  94|0x0000000087c00000, 0x0000000087c00000, 0x0000000087d00000|  0%| F|  |TAMS 0x0000000087c00000, 0x0000000087c00000| Untracked 
|  95|0x0000000087d00000, 0x0000000087d00000, 0x0000000087e00000|  0%| F|  |TAMS 0x0000000087d00000, 0x0000000087d00000| Untracked 
|  96|0x0000000087e00000, 0x0000000087e00000, 0x0000000087f00000|  0%| F|  |TAMS 0x0000000087e00000, 0x0000000087e00000| Untracked 
|  97|0x0000000087f00000, 0x0000000087f00000, 0x0000000088000000|  0%| F|  |TAMS 0x0000000087f00000, 0x0000000087f00000| Untracked 
|  98|0x0000000088000000, 0x0000000088000000, 0x0000000088100000|  0%| F|  |TAMS 0x0000000088000000, 0x0000000088000000| Untracked 
|  99|0x0000000088100000, 0x0000000088100000, 0x0000000088200000|  0%| F|  |TAMS 0x0000000088100000, 0x0000000088100000| Untracked 
| 100|0x0000000088200000, 0x0000000088200000, 0x0000000088300000|  0%| F|  |TAMS 0x0000000088200000, 0x0000000088200000| Untracked 
| 101|0x0000000088300000, 0x0000000088300000, 0x0000000088400000|  0%| F|  |TAMS 0x0000000088300000, 0x0000000088300000| Untracked 
| 102|0x0000000088400000, 0x0000000088400000, 0x0000000088500000|  0%| F|  |TAMS 0x0000000088400000, 0x0000000088400000| Untracked 
| 103|0x0000000088500000, 0x0000000088500000, 0x0000000088600000|  0%| F|  |TAMS 0x0000000088500000, 0x0000000088500000| Untracked 
| 104|0x0000000088600000, 0x0000000088600000, 0x0000000088700000|  0%| F|  |TAMS 0x0000000088600000, 0x0000000088600000| Untracked 
| 105|0x0000000088700000, 0x0000000088700000, 0x0000000088800000|  0%| F|  |TAMS 0x0000000088700000, 0x0000000088700000| Untracked 
| 106|0x0000000088800000, 0x0000000088800000, 0x0000000088900000|  0%| F|  |TAMS 0x0000000088800000, 0x0000000088800000| Untracked 
| 107|0x0000000088900000, 0x0000000088900000, 0x0000000088a00000|  0%| F|  |TAMS 0x0000000088900000, 0x0000000088900000| Untracked 
| 108|0x0000000088a00000, 0x0000000088a00000, 0x0000000088b00000|  0%| F|  |TAMS 0x0000000088a00000, 0x0000000088a00000| Untracked 
| 109|0x0000000088b00000, 0x0000000088b00000, 0x0000000088c00000|  0%| F|  |TAMS 0x0000000088b00000, 0x0000000088b00000| Untracked 
| 110|0x0000000088c00000, 0x0000000088c00000, 0x0000000088d00000|  0%| F|  |TAMS 0x0000000088c00000, 0x0000000088c00000| Untracked 
| 111|0x0000000088d00000, 0x0000000088d00000, 0x0000000088e00000|  0%| F|  |TAMS 0x0000000088d00000, 0x0000000088d00000| Untracked 
| 112|0x0000000088e00000, 0x0000000088e00000, 0x0000000088f00000|  0%| F|  |TAMS 0x0000000088e00000, 0x0000000088e00000| Untracked 
| 113|0x0000000088f00000, 0x0000000088f00000, 0x0000000089000000|  0%| F|  |TAMS 0x0000000088f00000, 0x0000000088f00000| Untracked 
| 114|0x0000000089000000, 0x0000000089099e28, 0x0000000089100000| 60%| E|  |TAMS 0x0000000089000000, 0x0000000089000000| Complete 
| 115|0x0000000089100000, 0x0000000089200000, 0x0000000089200000|100%| E|CS|TAMS 0x0000000089100000, 0x0000000089100000| Complete 
| 116|0x0000000089200000, 0x0000000089300000, 0x0000000089300000|100%| E|CS|TAMS 0x0000000089200000, 0x0000000089200000| Complete 
| 117|0x0000000089300000, 0x0000000089400000, 0x0000000089400000|100%| E|CS|TAMS 0x0000000089300000, 0x0000000089300000| Complete 
| 118|0x0000000089400000, 0x0000000089500000, 0x0000000089500000|100%| E|CS|TAMS 0x0000000089400000, 0x0000000089400000| Complete 
| 119|0x0000000089500000, 0x0000000089600000, 0x0000000089600000|100%| E|CS|TAMS 0x0000000089500000, 0x0000000089500000| Complete 
| 120|0x0000000089600000, 0x0000000089700000, 0x0000000089700000|100%| E|CS|TAMS 0x0000000089600000, 0x0000000089600000| Complete 
| 121|0x0000000089700000, 0x0000000089800000, 0x0000000089800000|100%| E|CS|TAMS 0x0000000089700000, 0x0000000089700000| Complete 
| 122|0x0000000089800000, 0x0000000089900000, 0x0000000089900000|100%| E|CS|TAMS 0x0000000089800000, 0x0000000089800000| Complete 
| 123|0x0000000089900000, 0x0000000089a00000, 0x0000000089a00000|100%| E|CS|TAMS 0x0000000089900000, 0x0000000089900000| Complete 
| 124|0x0000000089a00000, 0x0000000089b00000, 0x0000000089b00000|100%| E|CS|TAMS 0x0000000089a00000, 0x0000000089a00000| Complete 
| 125|0x0000000089b00000, 0x0000000089c00000, 0x0000000089c00000|100%| E|CS|TAMS 0x0000000089b00000, 0x0000000089b00000| Complete 
| 126|0x0000000089c00000, 0x0000000089d00000, 0x0000000089d00000|100%| E|CS|TAMS 0x0000000089c00000, 0x0000000089c00000| Complete 
| 127|0x0000000089d00000, 0x0000000089e00000, 0x0000000089e00000|100%| E|CS|TAMS 0x0000000089d00000, 0x0000000089d00000| Complete 

Card table byte_map: [0x0000020fe3520000,0x0000020fe3920000] _byte_map_base: 0x0000020fe3111000

Marking Bits (Prev, Next): (CMBitMap*) 0x0000020fca01d8d8, (CMBitMap*) 0x0000020fca01d910
 Prev Bits: [0x0000020fe3d20000, 0x0000020fe5ca8000)
 Next Bits: [0x0000020fe5cb0000, 0x0000020fe7c38000)

Polling page: 0x0000020fca0b0000

Metaspace:

Usage:
  Non-class:     11.30 MB capacity,    11.14 MB ( 99%) used,   145.49 KB (  1%) free+waste,    13.31 KB ( <1%) overhead. 
      Class:    938.00 KB capacity,   896.70 KB ( 96%) used,    36.30 KB (  4%) free+waste,     5.00 KB ( <1%) overhead. 
       Both:     12.22 MB capacity,    12.02 MB ( 98%) used,   181.79 KB (  1%) free+waste,    18.31 KB ( <1%) overhead. 

Virtual space:
  Non-class space:       12.00 MB reserved,      11.50 MB ( 96%) committed 
      Class space:        1.00 GB reserved,       1.00 MB ( <1%) committed 
             Both:        1.01 GB reserved,      12.50 MB (  1%) committed 

Chunk freelists:
   Non-Class:  9.63 KB
       Class:  2.75 KB
        Both:  12.38 KB

CodeHeap 'non-profiled nmethods': size=120064Kb used=221Kb max_used=221Kb free=119842Kb
 bounds [0x0000020fdb5c0000, 0x0000020fdb830000, 0x0000020fe2b00000]
CodeHeap 'profiled nmethods': size=120000Kb used=1176Kb max_used=1176Kb free=118823Kb
 bounds [0x0000020fd4090000, 0x0000020fd4300000, 0x0000020fdb5c0000]
CodeHeap 'non-nmethods': size=5696Kb used=1430Kb max_used=1443Kb free=4265Kb
 bounds [0x0000020fd3b00000, 0x0000020fd3d70000, 0x0000020fd4090000]
 total_blobs=1790 nmethods=719 adapters=838
 compilation: enabled
              stopped_count=0, restarted_count=0
 full_count=0

Compilation events (10 events):
Event: 1.378 Thread 0x0000020fea2c0800  708       3       org.lwjgl.glfw.GLFW::glfwWindowShouldClose (29 bytes)
Event: 1.378 Thread 0x0000020fea2c0800 nmethod 708 0x0000020fd41b4590 code [0x0000020fd41b4780, 0x0000020fd41b4ac0]
Event: 1.404 Thread 0x0000020fea2c0800  710       3       org.lwjgl.glfw.GLFW::glfwGetKey (22 bytes)
Event: 1.405 Thread 0x0000020fea2c0800 nmethod 710 0x0000020fd41b4c10 code [0x0000020fd41b4de0, 0x0000020fd41b50e0]
Event: 1.434 Thread 0x0000020fea2c0800  712       3       org.lwjgl.glfw.GLFW::glfwPollEvents (12 bytes)
Event: 1.435 Thread 0x0000020fea2c0800 nmethod 712 0x0000020fd41b5210 code [0x0000020fd41b53e0, 0x0000020fd41b55b0]
Event: 1.458 Thread 0x0000020fea2c0800  714       3       org.lwjgl.opengl.GL11::glClear (5 bytes)
Event: 1.459 Thread 0x0000020fea2c0800 nmethod 714 0x0000020fd41b5690 code [0x0000020fd41b5840, 0x0000020fd41b59b0]
Event: 1.647 Thread 0x0000020fea2c0800  719       3       org.lwjgl.glfw.GLFW::glfwSwapBuffers (21 bytes)
Event: 1.648 Thread 0x0000020fea2c0800 nmethod 719 0x0000020fd41b5a90 code [0x0000020fd41b5c60, 0x0000020fd41b5f60]

GC Heap History (0 events):
No events

Deoptimization events (1 events):
Event: 0.453 Thread 0x0000020fc9fe4000 Uncommon trap: reason=unstable_if action=reinterpret pc=0x0000020fdb5c5e10 method=java.lang.String.isLatin1()Z @ 10 c2

Classes redefined (0 events):
No events

Internal exceptions (10 events):
Event: 0.373 Thread 0x0000020fc9fe4000 Exception <a 'java/lang/NoSuchMethodError'{0x0000000089a908b8}: java.lang.invoke.DelegatingMethodHandle$Holder.delegate(Ljava/lang/Object;Ljava/lang/Object;ILjava/lang/Object;)V> (0x0000000089a908b8) thrown at [t:/workspace/open/src/hotspot/share/interpre
Event: 0.376 Thread 0x0000020fc9fe4000 Exception <a 'java/lang/NoSuchMethodError'{0x0000000089a97c68}: java.lang.invoke.DirectMethodHandle$Holder.invokeStaticInit(Ljava/lang/Object;Ljava/lang/Object;Ljava/lang/Object;)Ljava/lang/Object;> (0x0000000089a97c68) thrown at [t:/workspace/open/src/ho
Event: 0.432 Thread 0x0000020fc9fe4000 Exception <a 'sun/nio/fs/WindowsException'{0x0000000089afdf10}> (0x0000000089afdf10) thrown at [t:/workspace/open/src/hotspot/share/prims/jni.cpp, line 615]
Event: 0.432 Thread 0x0000020fc9fe4000 Exception <a 'sun/nio/fs/WindowsException'{0x0000000089afe468}> (0x0000000089afe468) thrown at [t:/workspace/open/src/hotspot/share/prims/jni.cpp, line 615]
Event: 0.466 Thread 0x0000020fc9fe4000 Exception <a 'sun/nio/fs/WindowsException'{0x000000008995aa70}> (0x000000008995aa70) thrown at [t:/workspace/open/src/hotspot/share/prims/jni.cpp, line 615]
Event: 0.467 Thread 0x0000020fc9fe4000 Exception <a 'sun/nio/fs/WindowsException'{0x000000008995ade0}> (0x000000008995ade0) thrown at [t:/workspace/open/src/hotspot/share/prims/jni.cpp, line 615]
Event: 0.667 Thread 0x0000020fc9fe4000 Exception <a 'sun/nio/fs/WindowsException'{0x0000000089848b50}> (0x0000000089848b50) thrown at [t:/workspace/open/src/hotspot/share/prims/jni.cpp, line 615]
Event: 0.667 Thread 0x0000020fc9fe4000 Exception <a 'sun/nio/fs/WindowsException'{0x0000000089848f00}> (0x0000000089848f00) thrown at [t:/workspace/open/src/hotspot/share/prims/jni.cpp, line 615]
Event: 0.673 Thread 0x0000020fc9fe4000 Exception <a 'sun/nio/fs/WindowsException'{0x000000008985cfe0}> (0x000000008985cfe0) thrown at [t:/workspace/open/src/hotspot/share/prims/jni.cpp, line 615]
Event: 0.673 Thread 0x0000020fc9fe4000 Exception <a 'sun/nio/fs/WindowsException'{0x000000008985d2c8}> (0x000000008985d2c8) thrown at [t:/workspace/open/src/hotspot/share/prims/jni.cpp, line 615]

Events (10 events):
Event: 1.058 loading class jdk/internal/reflect/UnsafeQualifiedLongFieldAccessorImpl
Event: 1.058 loading class jdk/internal/reflect/UnsafeQualifiedFieldAccessorImpl
Event: 1.058 loading class jdk/internal/reflect/UnsafeQualifiedFieldAccessorImpl done
Event: 1.058 loading class jdk/internal/reflect/UnsafeQualifiedLongFieldAccessorImpl done
Event: 1.058 loading class org/lwjgl/system/CheckIntrinsics
Event: 1.058 loading class org/lwjgl/system/CheckIntrinsics done
Event: 1.075 loading class org/lwjgl/system/MultiReleaseMemCopy
Event: 1.075 loading class org/lwjgl/system/MultiReleaseMemCopy done
Event: 1.077 loading class org/lwjgl/opengl/GL11C
Event: 1.077 loading class org/lwjgl/opengl/GL11C done


Dynamic libraries:
0x00007ff6060e0000 - 0x00007ff606127000 	C:\Program Files\Java\jdk-11.0.3\bin\java.exe
0x00007ff82e9a0000 - 0x00007ff82eb90000 	C:\WINDOWS\SYSTEM32\ntdll.dll
0x00007ff8074e0000 - 0x00007ff8074f4000 	C:\Program Files\AVAST Software\Avast\aswhook.dll
0x00007ff82dbc0000 - 0x00007ff82dc72000 	C:\WINDOWS\System32\KERNEL32.DLL
0x00007ff82c780000 - 0x00007ff82ca23000 	C:\WINDOWS\System32\KERNELBASE.dll
0x00007ff82d9c0000 - 0x00007ff82da63000 	C:\WINDOWS\System32\ADVAPI32.dll
0x00007ff82df80000 - 0x00007ff82e01e000 	C:\WINDOWS\System32\msvcrt.dll
0x00007ff82da70000 - 0x00007ff82db07000 	C:\WINDOWS\System32\sechost.dll
0x00007ff82e770000 - 0x00007ff82e890000 	C:\WINDOWS\System32\RPCRT4.dll
0x00007ff82dc80000 - 0x00007ff82de14000 	C:\WINDOWS\System32\USER32.dll
0x00007ff82b930000 - 0x00007ff82b951000 	C:\WINDOWS\System32\win32u.dll
0x00007ff82ce60000 - 0x00007ff82ce86000 	C:\WINDOWS\System32\GDI32.dll
0x00007ff82bc00000 - 0x00007ff82bd94000 	C:\WINDOWS\System32\gdi32full.dll
0x00007ff82c650000 - 0x00007ff82c6ee000 	C:\WINDOWS\System32\msvcp_win.dll
0x00007ff82b9b0000 - 0x00007ff82baaa000 	C:\WINDOWS\System32\ucrtbase.dll
0x00007ff813df0000 - 0x00007ff814075000 	C:\WINDOWS\WinSxS\amd64_microsoft.windows.common-controls_6595b64144ccf1df_6.0.18362.535_none_e6c3b34713100821\COMCTL32.dll
0x00007ff82cac0000 - 0x00007ff82cdf6000 	C:\WINDOWS\System32\combase.dll
0x00007ff82bda0000 - 0x00007ff82be20000 	C:\WINDOWS\System32\bcryptPrimitives.dll
0x00007ff826560000 - 0x00007ff82656a000 	C:\WINDOWS\SYSTEM32\VERSION.dll
0x00007ff82d210000 - 0x00007ff82d23e000 	C:\WINDOWS\System32\IMM32.DLL
0x00007ff822670000 - 0x00007ff822686000 	C:\Program Files\Java\jdk-11.0.3\bin\vcruntime140.dll
0x00007ff8013c0000 - 0x00007ff80146a000 	C:\Program Files\Java\jdk-11.0.3\bin\msvcp140.dll
0x00007fffd3da0000 - 0x00007fffd48c7000 	C:\Program Files\Java\jdk-11.0.3\bin\server\jvm.dll
0x00007ff82d120000 - 0x00007ff82d128000 	C:\WINDOWS\System32\PSAPI.DLL
0x00007ff81b520000 - 0x00007ff81b529000 	C:\WINDOWS\SYSTEM32\WSOCK32.dll
0x00007ff82d0b0000 - 0x00007ff82d11f000 	C:\WINDOWS\System32\WS2_32.dll
0x00007ff824dd0000 - 0x00007ff824df4000 	C:\WINDOWS\SYSTEM32\WINMM.dll
0x00007ff8244f0000 - 0x00007ff82451d000 	C:\WINDOWS\SYSTEM32\WINMMBASE.dll
0x00007ff82b960000 - 0x00007ff82b9aa000 	C:\WINDOWS\System32\cfgmgr32.dll
0x00007ff82b880000 - 0x00007ff82b891000 	C:\WINDOWS\System32\kernel.appcore.dll
0x00007ff8222d0000 - 0x00007ff8222e1000 	C:\Program Files\Java\jdk-11.0.3\bin\verify.dll
0x00007ff825590000 - 0x00007ff825784000 	C:\WINDOWS\SYSTEM32\DBGHELP.DLL
0x00007ff8252a0000 - 0x00007ff8252ca000 	C:\WINDOWS\SYSTEM32\dbgcore.DLL
0x00007ff8160f0000 - 0x00007ff816119000 	C:\Program Files\Java\jdk-11.0.3\bin\java.dll
0x00007ff822620000 - 0x00007ff82264f000 	C:\Program Files\Java\jdk-11.0.3\bin\instrument.dll
0x00007ff820100000 - 0x00007ff820116000 	C:\Program Files\Java\jdk-11.0.3\bin\zip.dll
0x00007ff826600000 - 0x00007ff82660a000 	C:\Program Files\Java\jdk-11.0.3\bin\jimage.dll
0x00007ff82e020000 - 0x00007ff82e705000 	C:\WINDOWS\System32\SHELL32.dll
0x00007ff82d810000 - 0x00007ff82d8b9000 	C:\WINDOWS\System32\shcore.dll
0x00007ff82bed0000 - 0x00007ff82c64f000 	C:\WINDOWS\System32\windows.storage.dll
0x00007ff82b910000 - 0x00007ff82b92f000 	C:\WINDOWS\System32\profapi.dll
0x00007ff82b8a0000 - 0x00007ff82b8ea000 	C:\WINDOWS\System32\powrprof.dll
0x00007ff82b870000 - 0x00007ff82b880000 	C:\WINDOWS\System32\UMPDC.dll
0x00007ff82ce00000 - 0x00007ff82ce52000 	C:\WINDOWS\System32\shlwapi.dll
0x00007ff82ca30000 - 0x00007ff82ca47000 	C:\WINDOWS\System32\cryptsp.dll
0x00007ff81a400000 - 0x00007ff81a419000 	C:\Program Files\Java\jdk-11.0.3\bin\net.dll
0x00007ff81ce30000 - 0x00007ff81cf20000 	C:\WINDOWS\SYSTEM32\WINHTTP.dll
0x00007ff8245f0000 - 0x00007ff8247c6000 	C:\WINDOWS\SYSTEM32\urlmon.dll
0x00007ff821610000 - 0x00007ff8218b6000 	C:\WINDOWS\SYSTEM32\iertutil.dll
0x00007ff82b2b0000 - 0x00007ff82b2bc000 	C:\WINDOWS\SYSTEM32\CRYPTBASE.DLL
0x00007ff82b0e0000 - 0x00007ff82b147000 	C:\WINDOWS\system32\mswsock.dll
0x00007ff814dd0000 - 0x00007ff814de3000 	C:\Program Files\Java\jdk-11.0.3\bin\nio.dll
0x00007ff8225c0000 - 0x00007ff8225da000 	C:\Program Files\JetBrains\IntelliJ IDEA Community Edition 2018.3.4\bin\breakgen64.dll
0x00007ff822550000 - 0x00007ff8225b4000 	C:\Users\andrz\AppData\Local\Temp\lwjglandrz\3.2.3-build-13\lwjgl.dll
0x00007ff80f030000 - 0x00007ff80f092000 	C:\Users\andrz\AppData\Local\Temp\lwjglandrz\3.2.3-build-13\glfw.dll
0x00007ff829bf0000 - 0x00007ff829c89000 	C:\WINDOWS\system32\uxtheme.dll
0x00007ff800410000 - 0x00007ff800453000 	C:\WINDOWS\SYSTEM32\dinput8.dll
0x00007ff8213b0000 - 0x00007ff8213c1000 	C:\WINDOWS\SYSTEM32\xinput1_4.dll
0x00007ff82b670000 - 0x00007ff82b69a000 	C:\WINDOWS\SYSTEM32\DEVOBJ.dll
0x00007ff82a1e0000 - 0x00007ff82a20d000 	C:\WINDOWS\SYSTEM32\dwmapi.dll
0x00007ff8235a0000 - 0x00007ff8236ba000 	C:\WINDOWS\SYSTEM32\inputhost.dll
0x00007ff829570000 - 0x00007ff829644000 	C:\WINDOWS\SYSTEM32\CoreMessaging.dll
0x00007ff8239e0000 - 0x00007ff823d0a000 	C:\WINDOWS\SYSTEM32\CoreUIComponents.dll
0x00007ff8280b0000 - 0x00007ff82819f000 	C:\WINDOWS\SYSTEM32\PROPSYS.dll
0x00007ff82e890000 - 0x00007ff82e954000 	C:\WINDOWS\System32\OLEAUT32.dll
0x00007ff828230000 - 0x00007ff828383000 	C:\WINDOWS\SYSTEM32\wintypes.dll
0x00007ff82a8d0000 - 0x00007ff82a901000 	C:\WINDOWS\SYSTEM32\ntmarta.dll
0x00007ff82d6b0000 - 0x00007ff82d7e5000 	C:\WINDOWS\System32\MSCTF.dll
0x00007ff82a480000 - 0x00007ff82a48e000 	C:\WINDOWS\SYSTEM32\HID.DLL
0x00007ff82d240000 - 0x00007ff82d6b0000 	C:\WINDOWS\System32\SETUPAPI.DLL
0x00007ff82c750000 - 0x00007ff82c776000 	C:\WINDOWS\System32\bcrypt.dll
0x00007ff82c6f0000 - 0x00007ff82c74c000 	C:\WINDOWS\System32\WINTRUST.dll
0x00007ff82b8f0000 - 0x00007ff82b902000 	C:\WINDOWS\System32\MSASN1.dll
0x00007ff82bab0000 - 0x00007ff82bbf9000 	C:\WINDOWS\System32\CRYPT32.dll
0x00007ff81c280000 - 0x00007ff81c3d6000 	C:\WINDOWS\SYSTEM32\opengl32.dll
0x00007ff8243f0000 - 0x00007ff82441c000 	C:\WINDOWS\SYSTEM32\GLU32.dll
0x00007ff82a550000 - 0x00007ff82a570000 	C:\WINDOWS\SYSTEM32\dxcore.dll
0x00007fffcf820000 - 0x00007fffd0738000 	C:\WINDOWS\System32\DriverStore\FileRepository\igdlh64.inf_amd64_6190efbd5855552a\ig9icd64.dll
0x00007ff827990000 - 0x00007ff8279a3000 	C:\WINDOWS\SYSTEM32\WTSAPI32.dll
0x00007ff82a570000 - 0x00007ff82a65b000 	C:\WINDOWS\SYSTEM32\dxgi.dll
0x00007ff81d820000 - 0x00007ff81ee11000 	C:\WINDOWS\System32\DriverStore\FileRepository\igdlh64.inf_amd64_6190efbd5855552a\igc64.dll
0x00007ff8236c0000 - 0x00007ff82375e000 	C:\WINDOWS\System32\TextInputFramework.dll
0x00007ff814650000 - 0x00007ff8146a9000 	C:\Users\andrz\AppData\Local\Temp\lwjglandrz\3.2.3-build-13\lwjgl_opengl.dll

dbghelp: loaded successfully - version: 4.0.5 - missing functions: none
symbol engine: initialized successfully - sym options: 0x614 - pdb path: .;C:\Program Files\Java\jdk-11.0.3\bin;C:\WINDOWS\SYSTEM32;C:\Program Files\AVAST Software\Avast;C:\WINDOWS\WinSxS\amd64_microsoft.windows.common-controls_6595b64144ccf1df_6.0.18362.535_none_e6c3b34713100821;C:\Program Files\Java\jdk-11.0.3\bin\server;C:\Program Files\JetBrains\IntelliJ IDEA Community Edition 2018.3.4\bin;C:\Users\andrz\AppData\Local\Temp\lwjglandrz\3.2.3-build-13;C:\WINDOWS\System32\DriverStore\FileRepository\igdlh64.inf_amd64_6190efbd5855552a

VM Arguments:
jvm_args: -javaagent:C:\Program Files\JetBrains\IntelliJ IDEA Community Edition 2018.3.4\lib\idea_rt.jar=60211:C:\Program Files\JetBrains\IntelliJ IDEA Community Edition 2018.3.4\bin -Dfile.encoding=UTF-8 
java_command: game.Main
java_class_path (initial): C:\Users\andrz\IdeaProjects\LWJGLtutorial\target\classes;C:\Users\andrz\.m2\repository\org\lwjgl\lwjgl\3.2.3\lwjgl-3.2.3.jar;C:\Users\andrz\.m2\repository\org\lwjgl\lwjgl-assimp\3.2.3\lwjgl-assimp-3.2.3.jar;C:\Users\andrz\.m2\repository\org\lwjgl\lwjgl-glfw\3.2.3\lwjgl-glfw-3.2.3.jar;C:\Users\andrz\.m2\repository\org\lwjgl\lwjgl-openal\3.2.3\lwjgl-openal-3.2.3.jar;C:\Users\andrz\.m2\repository\org\lwjgl\lwjgl-opengl\3.2.3\lwjgl-opengl-3.2.3.jar;C:\Users\andrz\.m2\repository\org\lwjgl\lwjgl-stb\3.2.3\lwjgl-stb-3.2.3.jar;C:\Users\andrz\.m2\repository\org\lwjgl\lwjgl\3.2.3\lwjgl-3.2.3-natives-windows.jar;C:\Users\andrz\.m2\repository\org\lwjgl\lwjgl-assimp\3.2.3\lwjgl-assimp-3.2.3-natives-windows.jar;C:\Users\andrz\.m2\repository\org\lwjgl\lwjgl-glfw\3.2.3\lwjgl-glfw-3.2.3-natives-windows.jar;C:\Users\andrz\.m2\repository\org\lwjgl\lwjgl-openal\3.2.3\lwjgl-openal-3.2.3-natives-windows.jar;C:\Users\andrz\.m2\repository\org\lwjgl\lwjgl-opengl\3.2.3\lwjgl-opengl-3.2.3-natives-windows.jar;C:\Users\andrz\.m2\repository\org\lwjgl\lwjgl-stb\3.2.3\lwjgl-stb-3.2.3-natives-windows.jar
Launcher Type: SUN_STANDARD

[Global flags]
     intx CICompilerCount                          = 3                                         {product} {ergonomic}
     uint ConcGCThreads                            = 1                                         {product} {ergonomic}
     uint G1ConcRefinementThreads                  = 4                                         {product} {ergonomic}
   size_t G1HeapRegionSize                         = 1048576                                   {product} {ergonomic}
    uintx GCDrainStackTargetSize                   = 64                                        {product} {ergonomic}
   size_t InitialHeapSize                          = 134217728                                 {product} {ergonomic}
   size_t MarkStackSize                            = 4194304                                   {product} {ergonomic}
   size_t MaxHeapSize                              = 2116026368                                {product} {ergonomic}
   size_t MaxNewSize                               = 1268776960                                {product} {ergonomic}
   size_t MinHeapDeltaBytes                        = 1048576                                   {product} {ergonomic}
    uintx NonNMethodCodeHeapSize                   = 5830092                                {pd product} {ergonomic}
    uintx NonProfiledCodeHeapSize                  = 122914074                              {pd product} {ergonomic}
    uintx ProfiledCodeHeapSize                     = 122914074                              {pd product} {ergonomic}
    uintx ReservedCodeCacheSize                    = 251658240                              {pd product} {ergonomic}
     bool SegmentedCodeCache                       = true                                      {product} {ergonomic}
     bool UseCompressedClassPointers               = true                                 {lp64_product} {ergonomic}
     bool UseCompressedOops                        = true                                 {lp64_product} {ergonomic}
     bool UseG1GC                                  = true                                      {product} {ergonomic}
     bool UseLargePagesIndividualAllocation        = false                                  {pd product} {ergonomic}

Logging:
Log output configuration:
 #0: stdout all=warning uptime,level,tags
 #1: stderr all=off uptime,level,tags

Environment Variables:
JAVA_HOME=C:\Program Files\Java\jdk-11.0.3
PATH=C:\Program Files (x86)\Intel\Intel(R) Management Engine Components\iCLS\;C:\Program Files\Intel\Intel(R) Management Engine Components\iCLS\;C:\Windows\system32;C:\Windows;C:\Windows\System32\Wbem;C:\Windows\System32\WindowsPowerShell\v1.0\;C:\Program Files (x86)\Intel\Intel(R) Management Engine Components\DAL;C:\Program Files\Intel\Intel(R) Management Engine Components\DAL;C:\Program Files (x86)\Intel\Intel(R) Management Engine Components\IPT;C:\Program Files\Intel\Intel(R) Management Engine Components\IPT;C:\Program Files (x86)\NVIDIA Corporation\PhysX\Common;C:\Program Files\Git\cmd;C:\WINDOWS\system32;C:\WINDOWS;C:\WINDOWS\System32\Wbem;C:\WINDOWS\System32\WindowsPowerShell\v1.0\;C:\WINDOWS\System32\OpenSSH\;C:\Program Files\MySQL\MySQL Server 8.0\bin;C:\Program Files\nodejs\;C:\Program Files\Java\jdk-11.0.3\bin;C:\Program Files\apache-maven-3.6.0\bin;C:\Program Files\Java\jdk-11.0.3\bin;C:\Program Files\apache-maven-3.6.0\bin;C:\Users\andrz\AppData\Local\Microsoft\WindowsApps;C:\Program Files\MySQL\MySQL Server 8.0\bin;;C:\Users\andrz\AppData\Local\Programs\Microsoft VS Code\bin;C:\Users\andrz\AppData\Roaming\npm
USERNAME=andrz
OS=Windows_NT
PROCESSOR_IDENTIFIER=Intel64 Family 6 Model 142 Stepping 9, GenuineIntel



---------------  S Y S T E M  ---------------

OS: Windows 10 , 64 bit Build 18362 (10.0.18362.329)

CPU:total 4 (initial active 4) (2 cores per cpu, 2 threads per core) family 6 model 142 stepping 9, cmov, cx8, fxsr, mmx, sse, sse2, sse3, ssse3, sse4.1, sse4.2, popcnt, avx, avx2, aes, clmul, erms, 3dnowpref, lzcnt, ht, tsc, tscinvbit, bmi1, bmi2, adx, fma

Memory: 4k page, system-wide physical 8067M (2898M free)
TotalPageFile size 12419M (AvailPageFile size 3732M)
current process WorkingSet (physical memory assigned to process): 95M, peak: 97M
current process commit charge ("private bytes"): 235M, peak: 237M

vm_info: Java HotSpot(TM) 64-Bit Server VM (11.0.3+12-LTS) for windows-amd64 JRE (11.0.3+12-LTS), built on Apr  2 2019 12:43:09 by "mach5one" with MS VC++ 15.5 (VS2017)

END.
