#
# A fatal error has been detected by the Java Runtime Environment:
#
#  EXCEPTION_ACCESS_VIOLATION (0xc0000005) at pc=0x00007ff82e9b6aa6, pid=640, tid=18104
#
# JRE version: Java(TM) SE Runtime Environment (11.0.3+12) (build 11.0.3+12-LTS)
# Java VM: Java HotSpot(TM) 64-Bit Server VM (11.0.3+12-LTS, mixed mode, tiered, compressed oops, g1 gc, windows-amd64)
# Problematic frame:
# C  [ntdll.dll+0x16aa6]
#
# No core dump will be written. Minidumps are not enabled by default on client versions of Windows
#
# If you would like to submit a bug report, please visit:
#   http://bugreport.java.com/bugreport/crash.jsp
# The crash happened outside the Java Virtual Machine in native code.
# See problematic frame for where to report the bug.
#

---------------  S U M M A R Y ------------

Command Line: -javaagent:C:\Program Files\JetBrains\IntelliJ IDEA Community Edition 2018.3.4\lib\idea_rt.jar=59926:C:\Program Files\JetBrains\IntelliJ IDEA Community Edition 2018.3.4\bin -Dfile.encoding=UTF-8 game.Main

Host: Intel(R) Core(TM) i5-7200U CPU @ 2.50GHz, 4 cores, 7G,  Windows 10 , 64 bit Build 18362 (10.0.18362.329)
Time: Sun Dec 29 20:22:53 2019 ?rodkowoeuropejski czas stand. elapsed time: 1 seconds (0d 0h 0m 1s)

---------------  T H R E A D  ---------------

Current thread (0x000001dab1e84000):  JavaThread "game" [_thread_in_native, id=18104, stack(0x0000001151500000,0x0000001151600000)]

Stack: [0x0000001151500000,0x0000001151600000],  sp=0x00000011515fe998,  free space=1018k
Native frames: (J=compiled Java code, j=interpreted, Vv=VM code, C=native code)
C  [ntdll.dll+0x16aa6]

Java frames: (J=compiled Java code, j=interpreted, Vv=VM code)
j  org.lwjgl.system.JNI.invokePPPP(IIJJJJ)J+0
j  org.lwjgl.glfw.GLFW.nglfwCreateWindow(IIJJJ)J+14
j  org.lwjgl.glfw.GLFW.glfwCreateWindow(IILjava/lang/CharSequence;JJ)J+37
j  game.Main.<init>()V+32
j  game.Main.game([Ljava/lang/String;)V+4
v  ~StubRoutines::call_stub

siginfo: EXCEPTION_ACCESS_VIOLATION (0xc0000005), reading address 0x0000000000000091


Register to memory mapping:

RIP=0x00007ff82e9b6aa6 ntdll.dll
RAX=0x0 is NULL
RBX=0x00000011515fea20 is pointing into the stack for thread: 0x000001dab1e84000
RCX=0x00000011515fe9c0 is pointing into the stack for thread: 0x000001dab1e84000
RDX=0x0000000000000091 is an unknown value
RSP=0x00000011515fe998 is pointing into the stack for thread: 0x000001dab1e84000
RBP=0x0 is NULL
RSI=0x00000000000000dc is an unknown value
RDI=0x00000011515feb90 is pointing into the stack for thread: 0x000001dab1e84000
R8 =0x0 is NULL
R9 =0x0000000000000004 is an unknown value
R10=0x000000000000001b is an unknown value
R11=0x00000011515fea20 is pointing into the stack for thread: 0x000001dab1e84000
R12=
[error occurred during error reporting (printing register info), id 0xc0000005, EXCEPTION_ACCESS_VIOLATION (0xc0000005) at pc=0x00007fffd4093266]

Registers:
RAX=0x0000000000000000, RBX=0x00000011515fea20, RCX=0x00000011515fe9c0, RDX=0x0000000000000091
RSP=0x00000011515fe998, RBP=0x0000000000000000, RSI=0x00000000000000dc, RDI=0x00000011515feb90
R8 =0x0000000000000000, R9 =0x0000000000000004, R10=0x000000000000001b, R11=0x00000011515fea20
R12=0x00000000ffffffff, R13=0x0000000000000000, R14=0x0000000000000000, R15=0x0000000000000004
RIP=0x00007ff82e9b6aa6, EFLAGS=0x0000000000010256

Top of Stack: (sp=0x00000011515fe998)
0x00000011515fe998:   00007ff82dc9d2c5 000001da00000001
0x00000011515fe9a8:   0000000000000010 0000000000000091
0x00000011515fe9b8:   000001dad1033ab0 0000000000000000
0x00000011515fe9c8:   0000000000000091 000001dab1e84000
0x00000011515fe9d8:   0000000000040008 000001dad1719930
0x00000011515fe9e8:   0000000000000000 00000011515feb90
0x00000011515fe9f8:   00007ff80ef89ba0 0000000000000001
0x00000011515fea08:   00000000000000dc 00000011515feb94
0x00000011515fea18:   000001daafd58618 0000000000000000
0x00000011515fea28:   0000000000000000 0000000000000000
0x00000011515fea38:   0000000000000000 0000000000000000
0x00000011515fea48:   0000000000000000 0000000000000000
0x00000011515fea58:   0000000000000000 000000dc00000000
0x00000011515fea68:   0000000000000000 0000000000000000
0x00000011515fea78:   0000000000000000 0000000000000000
0x00000011515fea88:   0000000000000000 0000000000000000 

Instructions: (pc=0x00007ff82e9b6aa6)
0x00007ff82e9b6a86:   c3 cc cc cc cc cc cc cc cc cc 45 33 c0 4c 89 01
0x00007ff82e9b6a96:   48 89 51 08 48 85 d2 74 2b 48 83 c8 ff 48 ff c0
0x00007ff82e9b6aa6:   66 44 39 04 42 75 f6 48 03 c0 ba fc ff 00 00 48
0x00007ff82e9b6ab6:   3d fe ff 00 00 48 0f 43 c2 66 89 01 66 83 c0 02 


Stack slot to memory mapping:
stack at sp + 0 slots: 0x00007ff82dc9d2c5 USER32.dll
stack at sp + 1 slots: 0x000001da00000001 is an unknown value
stack at sp + 2 slots: 0x0000000000000010 is an unknown value
stack at sp + 3 slots: 0x0000000000000091 is an unknown value
stack at sp + 4 slots: 0x000001dad1033ab0 points into unknown readable memory: 00 00 00 00 00 00 00 00
stack at sp + 5 slots: 0x0 is NULL
stack at sp + 6 slots: 0x0000000000000091 is an unknown value
stack at sp + 7 slots: 0x000001dab1e84000 is a thread


---------------  P R O C E S S  ---------------

Threads class SMR info:
_java_thread_list=0x000001dad0ee7970, length=11, elements={
0x000001dab1e84000, 0x000001dad01ce800, 0x000001dad01d7800, 0x000001dad0b53000,
0x000001dad01ea000, 0x000001dad01ec000, 0x000001dad01f7000, 0x000001dad01f8800,
0x000001dad0cc5800, 0x000001dad0dff800, 0x000001dad0e01000
}

Java Threads: ( => current thread )
=>0x000001dab1e84000 JavaThread "game" [_thread_in_native, id=18104, stack(0x0000001151500000,0x0000001151600000)]
  0x000001dad01ce800 JavaThread "Reference Handler" daemon [_thread_blocked, id=6184, stack(0x0000001151c00000,0x0000001151d00000)]
  0x000001dad01d7800 JavaThread "Finalizer" daemon [_thread_blocked, id=15960, stack(0x0000001151d00000,0x0000001151e00000)]
  0x000001dad0b53000 JavaThread "Signal Dispatcher" daemon [_thread_blocked, id=10056, stack(0x0000001151e00000,0x0000001151f00000)]
  0x000001dad01ea000 JavaThread "Attach Listener" daemon [_thread_blocked, id=15592, stack(0x0000001151f00000,0x0000001152000000)]
  0x000001dad01ec000 JavaThread "C2 CompilerThread0" daemon [_thread_blocked, id=5340, stack(0x0000001152000000,0x0000001152100000)]
  0x000001dad01f7000 JavaThread "C1 CompilerThread0" daemon [_thread_blocked, id=2404, stack(0x0000001152100000,0x0000001152200000)]
  0x000001dad01f8800 JavaThread "Sweeper thread" daemon [_thread_blocked, id=6780, stack(0x0000001152200000,0x0000001152300000)]
  0x000001dad0cc5800 JavaThread "Common-Cleaner" daemon [_thread_blocked, id=15504, stack(0x0000001152300000,0x0000001152400000)]
  0x000001dad0dff800 JavaThread "Monitor Ctrl-Break" daemon [_thread_in_native, id=16388, stack(0x0000001152400000,0x0000001152500000)]
  0x000001dad0e01000 JavaThread "Service Thread" daemon [_thread_blocked, id=8484, stack(0x0000001152500000,0x0000001152600000)]

Other Threads:
  0x000001dad01aa000 VMThread "VM Thread" [stack: 0x0000001151b00000,0x0000001151c00000] [id=8136]
  0x000001dad0e02000 WatcherThread [stack: 0x0000001152600000,0x0000001152700000] [id=1512]
  0x000001dab1e99000 GCTaskThread "GC Thread#0" [stack: 0x0000001151600000,0x0000001151700000] [id=2828]
  0x000001dab1ec6000 ConcurrentGCThread "G1 Main Marker" [stack: 0x0000001151700000,0x0000001151800000] [id=18920]
  0x000001dab1ec7800 ConcurrentGCThread "G1 Conc#0" [stack: 0x0000001151800000,0x0000001151900000] [id=4820]
  0x000001dad0010800 ConcurrentGCThread "G1 Refine#0" [stack: 0x0000001151900000,0x0000001151a00000] [id=17380]
  0x000001dad0011800 ConcurrentGCThread "G1 Young RemSet Sampling" [stack: 0x0000001151a00000,0x0000001151b00000] [id=3572]

Threads with active compile tasks:

VM state:not at safepoint (normal execution)

VM Mutex/Monitor currently owned by a thread: None

Heap address: 0x0000000081e00000, size: 2018 MB, Compressed Oops mode: 32-bit
Narrow klass base: 0x0000000000000000, Narrow klass shift: 3
Compressed class space size: 1073741824 Address: 0x0000000100000000

Heap:
 garbage-first heap   total 131072K, used 5120K [0x0000000081e00000, 0x0000000100000000)
  region size 1024K, 6 young (6144K), 0 survivors (0K)
 Metaspace       used 9435K, capacity 9633K, committed 9856K, reserved 1058816K
  class space    used 818K, capacity 871K, committed 896K, reserved 1048576K
Heap Regions: E=young(eden), S=young(survivor), O=old, HS=humongous(starts), HC=humongous(continues), CS=collection set, F=free, A=archive, TAMS=top-at-mark-start (previous, next)
|   0|0x0000000081e00000, 0x0000000081e00000, 0x0000000081f00000|  0%| F|  |TAMS 0x0000000081e00000, 0x0000000081e00000| Untracked 
|   1|0x0000000081f00000, 0x0000000081f00000, 0x0000000082000000|  0%| F|  |TAMS 0x0000000081f00000, 0x0000000081f00000| Untracked 
|   2|0x0000000082000000, 0x0000000082000000, 0x0000000082100000|  0%| F|  |TAMS 0x0000000082000000, 0x0000000082000000| Untracked 
|   3|0x0000000082100000, 0x0000000082100000, 0x0000000082200000|  0%| F|  |TAMS 0x0000000082100000, 0x0000000082100000| Untracked 
|   4|0x0000000082200000, 0x0000000082200000, 0x0000000082300000|  0%| F|  |TAMS 0x0000000082200000, 0x0000000082200000| Untracked 
|   5|0x0000000082300000, 0x0000000082300000, 0x0000000082400000|  0%| F|  |TAMS 0x0000000082300000, 0x0000000082300000| Untracked 
|   6|0x0000000082400000, 0x0000000082400000, 0x0000000082500000|  0%| F|  |TAMS 0x0000000082400000, 0x0000000082400000| Untracked 
|   7|0x0000000082500000, 0x0000000082500000, 0x0000000082600000|  0%| F|  |TAMS 0x0000000082500000, 0x0000000082500000| Untracked 
|   8|0x0000000082600000, 0x0000000082600000, 0x0000000082700000|  0%| F|  |TAMS 0x0000000082600000, 0x0000000082600000| Untracked 
|   9|0x0000000082700000, 0x0000000082700000, 0x0000000082800000|  0%| F|  |TAMS 0x0000000082700000, 0x0000000082700000| Untracked 
|  10|0x0000000082800000, 0x0000000082800000, 0x0000000082900000|  0%| F|  |TAMS 0x0000000082800000, 0x0000000082800000| Untracked 
|  11|0x0000000082900000, 0x0000000082900000, 0x0000000082a00000|  0%| F|  |TAMS 0x0000000082900000, 0x0000000082900000| Untracked 
|  12|0x0000000082a00000, 0x0000000082a00000, 0x0000000082b00000|  0%| F|  |TAMS 0x0000000082a00000, 0x0000000082a00000| Untracked 
|  13|0x0000000082b00000, 0x0000000082b00000, 0x0000000082c00000|  0%| F|  |TAMS 0x0000000082b00000, 0x0000000082b00000| Untracked 
|  14|0x0000000082c00000, 0x0000000082c00000, 0x0000000082d00000|  0%| F|  |TAMS 0x0000000082c00000, 0x0000000082c00000| Untracked 
|  15|0x0000000082d00000, 0x0000000082d00000, 0x0000000082e00000|  0%| F|  |TAMS 0x0000000082d00000, 0x0000000082d00000| Untracked 
|  16|0x0000000082e00000, 0x0000000082e00000, 0x0000000082f00000|  0%| F|  |TAMS 0x0000000082e00000, 0x0000000082e00000| Untracked 
|  17|0x0000000082f00000, 0x0000000082f00000, 0x0000000083000000|  0%| F|  |TAMS 0x0000000082f00000, 0x0000000082f00000| Untracked 
|  18|0x0000000083000000, 0x0000000083000000, 0x0000000083100000|  0%| F|  |TAMS 0x0000000083000000, 0x0000000083000000| Untracked 
|  19|0x0000000083100000, 0x0000000083100000, 0x0000000083200000|  0%| F|  |TAMS 0x0000000083100000, 0x0000000083100000| Untracked 
|  20|0x0000000083200000, 0x0000000083200000, 0x0000000083300000|  0%| F|  |TAMS 0x0000000083200000, 0x0000000083200000| Untracked 
|  21|0x0000000083300000, 0x0000000083300000, 0x0000000083400000|  0%| F|  |TAMS 0x0000000083300000, 0x0000000083300000| Untracked 
|  22|0x0000000083400000, 0x0000000083400000, 0x0000000083500000|  0%| F|  |TAMS 0x0000000083400000, 0x0000000083400000| Untracked 
|  23|0x0000000083500000, 0x0000000083500000, 0x0000000083600000|  0%| F|  |TAMS 0x0000000083500000, 0x0000000083500000| Untracked 
|  24|0x0000000083600000, 0x0000000083600000, 0x0000000083700000|  0%| F|  |TAMS 0x0000000083600000, 0x0000000083600000| Untracked 
|  25|0x0000000083700000, 0x0000000083700000, 0x0000000083800000|  0%| F|  |TAMS 0x0000000083700000, 0x0000000083700000| Untracked 
|  26|0x0000000083800000, 0x0000000083800000, 0x0000000083900000|  0%| F|  |TAMS 0x0000000083800000, 0x0000000083800000| Untracked 
|  27|0x0000000083900000, 0x0000000083900000, 0x0000000083a00000|  0%| F|  |TAMS 0x0000000083900000, 0x0000000083900000| Untracked 
|  28|0x0000000083a00000, 0x0000000083a00000, 0x0000000083b00000|  0%| F|  |TAMS 0x0000000083a00000, 0x0000000083a00000| Untracked 
|  29|0x0000000083b00000, 0x0000000083b00000, 0x0000000083c00000|  0%| F|  |TAMS 0x0000000083b00000, 0x0000000083b00000| Untracked 
|  30|0x0000000083c00000, 0x0000000083c00000, 0x0000000083d00000|  0%| F|  |TAMS 0x0000000083c00000, 0x0000000083c00000| Untracked 
|  31|0x0000000083d00000, 0x0000000083d00000, 0x0000000083e00000|  0%| F|  |TAMS 0x0000000083d00000, 0x0000000083d00000| Untracked 
|  32|0x0000000083e00000, 0x0000000083e00000, 0x0000000083f00000|  0%| F|  |TAMS 0x0000000083e00000, 0x0000000083e00000| Untracked 
|  33|0x0000000083f00000, 0x0000000083f00000, 0x0000000084000000|  0%| F|  |TAMS 0x0000000083f00000, 0x0000000083f00000| Untracked 
|  34|0x0000000084000000, 0x0000000084000000, 0x0000000084100000|  0%| F|  |TAMS 0x0000000084000000, 0x0000000084000000| Untracked 
|  35|0x0000000084100000, 0x0000000084100000, 0x0000000084200000|  0%| F|  |TAMS 0x0000000084100000, 0x0000000084100000| Untracked 
|  36|0x0000000084200000, 0x0000000084200000, 0x0000000084300000|  0%| F|  |TAMS 0x0000000084200000, 0x0000000084200000| Untracked 
|  37|0x0000000084300000, 0x0000000084300000, 0x0000000084400000|  0%| F|  |TAMS 0x0000000084300000, 0x0000000084300000| Untracked 
|  38|0x0000000084400000, 0x0000000084400000, 0x0000000084500000|  0%| F|  |TAMS 0x0000000084400000, 0x0000000084400000| Untracked 
|  39|0x0000000084500000, 0x0000000084500000, 0x0000000084600000|  0%| F|  |TAMS 0x0000000084500000, 0x0000000084500000| Untracked 
|  40|0x0000000084600000, 0x0000000084600000, 0x0000000084700000|  0%| F|  |TAMS 0x0000000084600000, 0x0000000084600000| Untracked 
|  41|0x0000000084700000, 0x0000000084700000, 0x0000000084800000|  0%| F|  |TAMS 0x0000000084700000, 0x0000000084700000| Untracked 
|  42|0x0000000084800000, 0x0000000084800000, 0x0000000084900000|  0%| F|  |TAMS 0x0000000084800000, 0x0000000084800000| Untracked 
|  43|0x0000000084900000, 0x0000000084900000, 0x0000000084a00000|  0%| F|  |TAMS 0x0000000084900000, 0x0000000084900000| Untracked 
|  44|0x0000000084a00000, 0x0000000084a00000, 0x0000000084b00000|  0%| F|  |TAMS 0x0000000084a00000, 0x0000000084a00000| Untracked 
|  45|0x0000000084b00000, 0x0000000084b00000, 0x0000000084c00000|  0%| F|  |TAMS 0x0000000084b00000, 0x0000000084b00000| Untracked 
|  46|0x0000000084c00000, 0x0000000084c00000, 0x0000000084d00000|  0%| F|  |TAMS 0x0000000084c00000, 0x0000000084c00000| Untracked 
|  47|0x0000000084d00000, 0x0000000084d00000, 0x0000000084e00000|  0%| F|  |TAMS 0x0000000084d00000, 0x0000000084d00000| Untracked 
|  48|0x0000000084e00000, 0x0000000084e00000, 0x0000000084f00000|  0%| F|  |TAMS 0x0000000084e00000, 0x0000000084e00000| Untracked 
|  49|0x0000000084f00000, 0x0000000084f00000, 0x0000000085000000|  0%| F|  |TAMS 0x0000000084f00000, 0x0000000084f00000| Untracked 
|  50|0x0000000085000000, 0x0000000085000000, 0x0000000085100000|  0%| F|  |TAMS 0x0000000085000000, 0x0000000085000000| Untracked 
|  51|0x0000000085100000, 0x0000000085100000, 0x0000000085200000|  0%| F|  |TAMS 0x0000000085100000, 0x0000000085100000| Untracked 
|  52|0x0000000085200000, 0x0000000085200000, 0x0000000085300000|  0%| F|  |TAMS 0x0000000085200000, 0x0000000085200000| Untracked 
|  53|0x0000000085300000, 0x0000000085300000, 0x0000000085400000|  0%| F|  |TAMS 0x0000000085300000, 0x0000000085300000| Untracked 
|  54|0x0000000085400000, 0x0000000085400000, 0x0000000085500000|  0%| F|  |TAMS 0x0000000085400000, 0x0000000085400000| Untracked 
|  55|0x0000000085500000, 0x0000000085500000, 0x0000000085600000|  0%| F|  |TAMS 0x0000000085500000, 0x0000000085500000| Untracked 
|  56|0x0000000085600000, 0x0000000085600000, 0x0000000085700000|  0%| F|  |TAMS 0x0000000085600000, 0x0000000085600000| Untracked 
|  57|0x0000000085700000, 0x0000000085700000, 0x0000000085800000|  0%| F|  |TAMS 0x0000000085700000, 0x0000000085700000| Untracked 
|  58|0x0000000085800000, 0x0000000085800000, 0x0000000085900000|  0%| F|  |TAMS 0x0000000085800000, 0x0000000085800000| Untracked 
|  59|0x0000000085900000, 0x0000000085900000, 0x0000000085a00000|  0%| F|  |TAMS 0x0000000085900000, 0x0000000085900000| Untracked 
|  60|0x0000000085a00000, 0x0000000085a00000, 0x0000000085b00000|  0%| F|  |TAMS 0x0000000085a00000, 0x0000000085a00000| Untracked 
|  61|0x0000000085b00000, 0x0000000085b00000, 0x0000000085c00000|  0%| F|  |TAMS 0x0000000085b00000, 0x0000000085b00000| Untracked 
|  62|0x0000000085c00000, 0x0000000085c00000, 0x0000000085d00000|  0%| F|  |TAMS 0x0000000085c00000, 0x0000000085c00000| Untracked 
|  63|0x0000000085d00000, 0x0000000085d00000, 0x0000000085e00000|  0%| F|  |TAMS 0x0000000085d00000, 0x0000000085d00000| Untracked 
|  64|0x0000000085e00000, 0x0000000085e00000, 0x0000000085f00000|  0%| F|  |TAMS 0x0000000085e00000, 0x0000000085e00000| Untracked 
|  65|0x0000000085f00000, 0x0000000085f00000, 0x0000000086000000|  0%| F|  |TAMS 0x0000000085f00000, 0x0000000085f00000| Untracked 
|  66|0x0000000086000000, 0x0000000086000000, 0x0000000086100000|  0%| F|  |TAMS 0x0000000086000000, 0x0000000086000000| Untracked 
|  67|0x0000000086100000, 0x0000000086100000, 0x0000000086200000|  0%| F|  |TAMS 0x0000000086100000, 0x0000000086100000| Untracked 
|  68|0x0000000086200000, 0x0000000086200000, 0x0000000086300000|  0%| F|  |TAMS 0x0000000086200000, 0x0000000086200000| Untracked 
|  69|0x0000000086300000, 0x0000000086300000, 0x0000000086400000|  0%| F|  |TAMS 0x0000000086300000, 0x0000000086300000| Untracked 
|  70|0x0000000086400000, 0x0000000086400000, 0x0000000086500000|  0%| F|  |TAMS 0x0000000086400000, 0x0000000086400000| Untracked 
|  71|0x0000000086500000, 0x0000000086500000, 0x0000000086600000|  0%| F|  |TAMS 0x0000000086500000, 0x0000000086500000| Untracked 
|  72|0x0000000086600000, 0x0000000086600000, 0x0000000086700000|  0%| F|  |TAMS 0x0000000086600000, 0x0000000086600000| Untracked 
|  73|0x0000000086700000, 0x0000000086700000, 0x0000000086800000|  0%| F|  |TAMS 0x0000000086700000, 0x0000000086700000| Untracked 
|  74|0x0000000086800000, 0x0000000086800000, 0x0000000086900000|  0%| F|  |TAMS 0x0000000086800000, 0x0000000086800000| Untracked 
|  75|0x0000000086900000, 0x0000000086900000, 0x0000000086a00000|  0%| F|  |TAMS 0x0000000086900000, 0x0000000086900000| Untracked 
|  76|0x0000000086a00000, 0x0000000086a00000, 0x0000000086b00000|  0%| F|  |TAMS 0x0000000086a00000, 0x0000000086a00000| Untracked 
|  77|0x0000000086b00000, 0x0000000086b00000, 0x0000000086c00000|  0%| F|  |TAMS 0x0000000086b00000, 0x0000000086b00000| Untracked 
|  78|0x0000000086c00000, 0x0000000086c00000, 0x0000000086d00000|  0%| F|  |TAMS 0x0000000086c00000, 0x0000000086c00000| Untracked 
|  79|0x0000000086d00000, 0x0000000086d00000, 0x0000000086e00000|  0%| F|  |TAMS 0x0000000086d00000, 0x0000000086d00000| Untracked 
|  80|0x0000000086e00000, 0x0000000086e00000, 0x0000000086f00000|  0%| F|  |TAMS 0x0000000086e00000, 0x0000000086e00000| Untracked 
|  81|0x0000000086f00000, 0x0000000086f00000, 0x0000000087000000|  0%| F|  |TAMS 0x0000000086f00000, 0x0000000086f00000| Untracked 
|  82|0x0000000087000000, 0x0000000087000000, 0x0000000087100000|  0%| F|  |TAMS 0x0000000087000000, 0x0000000087000000| Untracked 
|  83|0x0000000087100000, 0x0000000087100000, 0x0000000087200000|  0%| F|  |TAMS 0x0000000087100000, 0x0000000087100000| Untracked 
|  84|0x0000000087200000, 0x0000000087200000, 0x0000000087300000|  0%| F|  |TAMS 0x0000000087200000, 0x0000000087200000| Untracked 
|  85|0x0000000087300000, 0x0000000087300000, 0x0000000087400000|  0%| F|  |TAMS 0x0000000087300000, 0x0000000087300000| Untracked 
|  86|0x0000000087400000, 0x0000000087400000, 0x0000000087500000|  0%| F|  |TAMS 0x0000000087400000, 0x0000000087400000| Untracked 
|  87|0x0000000087500000, 0x0000000087500000, 0x0000000087600000|  0%| F|  |TAMS 0x0000000087500000, 0x0000000087500000| Untracked 
|  88|0x0000000087600000, 0x0000000087600000, 0x0000000087700000|  0%| F|  |TAMS 0x0000000087600000, 0x0000000087600000| Untracked 
|  89|0x0000000087700000, 0x0000000087700000, 0x0000000087800000|  0%| F|  |TAMS 0x0000000087700000, 0x0000000087700000| Untracked 
|  90|0x0000000087800000, 0x0000000087800000, 0x0000000087900000|  0%| F|  |TAMS 0x0000000087800000, 0x0000000087800000| Untracked 
|  91|0x0000000087900000, 0x0000000087900000, 0x0000000087a00000|  0%| F|  |TAMS 0x0000000087900000, 0x0000000087900000| Untracked 
|  92|0x0000000087a00000, 0x0000000087a00000, 0x0000000087b00000|  0%| F|  |TAMS 0x0000000087a00000, 0x0000000087a00000| Untracked 
|  93|0x0000000087b00000, 0x0000000087b00000, 0x0000000087c00000|  0%| F|  |TAMS 0x0000000087b00000, 0x0000000087b00000| Untracked 
|  94|0x0000000087c00000, 0x0000000087c00000, 0x0000000087d00000|  0%| F|  |TAMS 0x0000000087c00000, 0x0000000087c00000| Untracked 
|  95|0x0000000087d00000, 0x0000000087d00000, 0x0000000087e00000|  0%| F|  |TAMS 0x0000000087d00000, 0x0000000087d00000| Untracked 
|  96|0x0000000087e00000, 0x0000000087e00000, 0x0000000087f00000|  0%| F|  |TAMS 0x0000000087e00000, 0x0000000087e00000| Untracked 
|  97|0x0000000087f00000, 0x0000000087f00000, 0x0000000088000000|  0%| F|  |TAMS 0x0000000087f00000, 0x0000000087f00000| Untracked 
|  98|0x0000000088000000, 0x0000000088000000, 0x0000000088100000|  0%| F|  |TAMS 0x0000000088000000, 0x0000000088000000| Untracked 
|  99|0x0000000088100000, 0x0000000088100000, 0x0000000088200000|  0%| F|  |TAMS 0x0000000088100000, 0x0000000088100000| Untracked 
| 100|0x0000000088200000, 0x0000000088200000, 0x0000000088300000|  0%| F|  |TAMS 0x0000000088200000, 0x0000000088200000| Untracked 
| 101|0x0000000088300000, 0x0000000088300000, 0x0000000088400000|  0%| F|  |TAMS 0x0000000088300000, 0x0000000088300000| Untracked 
| 102|0x0000000088400000, 0x0000000088400000, 0x0000000088500000|  0%| F|  |TAMS 0x0000000088400000, 0x0000000088400000| Untracked 
| 103|0x0000000088500000, 0x0000000088500000, 0x0000000088600000|  0%| F|  |TAMS 0x0000000088500000, 0x0000000088500000| Untracked 
| 104|0x0000000088600000, 0x0000000088600000, 0x0000000088700000|  0%| F|  |TAMS 0x0000000088600000, 0x0000000088600000| Untracked 
| 105|0x0000000088700000, 0x0000000088700000, 0x0000000088800000|  0%| F|  |TAMS 0x0000000088700000, 0x0000000088700000| Untracked 
| 106|0x0000000088800000, 0x0000000088800000, 0x0000000088900000|  0%| F|  |TAMS 0x0000000088800000, 0x0000000088800000| Untracked 
| 107|0x0000000088900000, 0x0000000088900000, 0x0000000088a00000|  0%| F|  |TAMS 0x0000000088900000, 0x0000000088900000| Untracked 
| 108|0x0000000088a00000, 0x0000000088a00000, 0x0000000088b00000|  0%| F|  |TAMS 0x0000000088a00000, 0x0000000088a00000| Untracked 
| 109|0x0000000088b00000, 0x0000000088b00000, 0x0000000088c00000|  0%| F|  |TAMS 0x0000000088b00000, 0x0000000088b00000| Untracked 
| 110|0x0000000088c00000, 0x0000000088c00000, 0x0000000088d00000|  0%| F|  |TAMS 0x0000000088c00000, 0x0000000088c00000| Untracked 
| 111|0x0000000088d00000, 0x0000000088d00000, 0x0000000088e00000|  0%| F|  |TAMS 0x0000000088d00000, 0x0000000088d00000| Untracked 
| 112|0x0000000088e00000, 0x0000000088e00000, 0x0000000088f00000|  0%| F|  |TAMS 0x0000000088e00000, 0x0000000088e00000| Untracked 
| 113|0x0000000088f00000, 0x0000000088f00000, 0x0000000089000000|  0%| F|  |TAMS 0x0000000088f00000, 0x0000000088f00000| Untracked 
| 114|0x0000000089000000, 0x0000000089000000, 0x0000000089100000|  0%| F|  |TAMS 0x0000000089000000, 0x0000000089000000| Untracked 
| 115|0x0000000089100000, 0x0000000089100000, 0x0000000089200000|  0%| F|  |TAMS 0x0000000089100000, 0x0000000089100000| Untracked 
| 116|0x0000000089200000, 0x0000000089200000, 0x0000000089300000|  0%| F|  |TAMS 0x0000000089200000, 0x0000000089200000| Untracked 
| 117|0x0000000089300000, 0x0000000089300000, 0x0000000089400000|  0%| F|  |TAMS 0x0000000089300000, 0x0000000089300000| Untracked 
| 118|0x0000000089400000, 0x0000000089400000, 0x0000000089500000|  0%| F|  |TAMS 0x0000000089400000, 0x0000000089400000| Untracked 
| 119|0x0000000089500000, 0x0000000089500000, 0x0000000089600000|  0%| F|  |TAMS 0x0000000089500000, 0x0000000089500000| Untracked 
| 120|0x0000000089600000, 0x0000000089600000, 0x0000000089700000|  0%| F|  |TAMS 0x0000000089600000, 0x0000000089600000| Untracked 
| 121|0x0000000089700000, 0x0000000089700000, 0x0000000089800000|  0%| F|  |TAMS 0x0000000089700000, 0x0000000089700000| Untracked 
| 122|0x0000000089800000, 0x00000000898e7768, 0x0000000089900000| 90%| E|  |TAMS 0x0000000089800000, 0x0000000089800000| Complete 
| 123|0x0000000089900000, 0x0000000089a00000, 0x0000000089a00000|100%| E|CS|TAMS 0x0000000089900000, 0x0000000089900000| Complete 
| 124|0x0000000089a00000, 0x0000000089b00000, 0x0000000089b00000|100%| E|CS|TAMS 0x0000000089a00000, 0x0000000089a00000| Complete 
| 125|0x0000000089b00000, 0x0000000089c00000, 0x0000000089c00000|100%| E|CS|TAMS 0x0000000089b00000, 0x0000000089b00000| Complete 
| 126|0x0000000089c00000, 0x0000000089d00000, 0x0000000089d00000|100%| E|CS|TAMS 0x0000000089c00000, 0x0000000089c00000| Complete 
| 127|0x0000000089d00000, 0x0000000089e00000, 0x0000000089e00000|100%| E|CS|TAMS 0x0000000089d00000, 0x0000000089d00000| Complete 

Card table byte_map: [0x000001dac95b0000,0x000001dac99b0000] _byte_map_base: 0x000001dac91a1000

Marking Bits (Prev, Next): (CMBitMap*) 0x000001dab1ebd8d8, (CMBitMap*) 0x000001dab1ebd910
 Prev Bits: [0x000001dac9db0000, 0x000001dacbd38000)
 Next Bits: [0x000001dacbd40000, 0x000001dacdcc8000)

Polling page: 0x000001dab1650000

Metaspace:

Usage:
  Non-class:      8.56 MB capacity,     8.41 MB ( 98%) used,   135.01 KB (  2%) free+waste,    10.25 KB ( <1%) overhead. 
      Class:    871.00 KB capacity,   818.27 KB ( 94%) used,    48.05 KB (  6%) free+waste,     4.69 KB ( <1%) overhead. 
       Both:      9.41 MB capacity,     9.21 MB ( 98%) used,   183.05 KB (  2%) free+waste,    14.94 KB ( <1%) overhead. 

Virtual space:
  Non-class space:       10.00 MB reserved,       8.75 MB ( 88%) committed 
      Class space:        1.00 GB reserved,     896.00 KB ( <1%) committed 
             Both:        1.01 GB reserved,       9.63 MB ( <1%) committed 

Chunk freelists:
   Non-Class:  768 bytes
       Class:  3.13 KB
        Both:  3.88 KB

CodeHeap 'non-profiled nmethods': size=120064Kb used=149Kb max_used=149Kb free=119914Kb
 bounds [0x000001dac1c70000, 0x000001dac1ee0000, 0x000001dac91b0000]
CodeHeap 'profiled nmethods': size=120000Kb used=639Kb max_used=639Kb free=119360Kb
 bounds [0x000001daba740000, 0x000001daba9b0000, 0x000001dac1c70000]
CodeHeap 'non-nmethods': size=5696Kb used=1377Kb max_used=1390Kb free=4318Kb
 bounds [0x000001daba1b0000, 0x000001daba420000, 0x000001daba740000]
 total_blobs=1430 nmethods=477 adapters=752
 compilation: enabled
              stopped_count=0, restarted_count=0
 full_count=0

Compilation events (10 events):
Event: 0.892 Thread 0x000001dad01f7000  438       3       jdk.internal.loader.BuiltinClassLoader::moduleReaderFor (45 bytes)
Event: 0.893 Thread 0x000001dad01f7000 nmethod 438 0x000001daba7cfc10 code [0x000001daba7cfe20, 0x000001daba7d0540]
Event: 0.893 Thread 0x000001dad01f7000  448       3       jdk.internal.misc.Unsafe::putByte (8 bytes)
Event: 0.893 Thread 0x000001dad01f7000 nmethod 448 0x000001daba7d0710 code [0x000001daba7d08c0, 0x000001daba7d0a38]
Event: 0.893 Thread 0x000001dad01f7000  446       3       java.util.zip.ZipFile$Source::hash_append (7 bytes)
Event: 0.894 Thread 0x000001dad01f7000 nmethod 446 0x000001daba7d0b10 code [0x000001daba7d0cc0, 0x000001daba7d0e18]
Event: 0.894 Thread 0x000001dad01f7000  450       3       sun.misc.Unsafe::putInt (11 bytes)
Event: 0.894 Thread 0x000001dad01f7000 nmethod 450 0x000001daba7d0e90 code [0x000001daba7d1040, 0x000001daba7d1198]
Event: 0.894 Thread 0x000001dad01f7000  451       3       org.lwjgl.system.MemoryUtil::encodeASCII (66 bytes)
Event: 0.895 Thread 0x000001dad01f7000 nmethod 451 0x000001daba7d1210 code [0x000001daba7d1420, 0x000001daba7d1a00]

GC Heap History (0 events):
No events

Deoptimization events (1 events):
Event: 0.779 Thread 0x000001dab1e84000 Uncommon trap: reason=unstable_if action=reinterpret pc=0x000001dac1c75910 method=java.lang.String.isLatin1()Z @ 10 c2

Classes redefined (0 events):
No events

Internal exceptions (6 events):
Event: 0.635 Thread 0x000001dab1e84000 Exception <a 'java/lang/NoSuchMethodError'{0x0000000089a90d30}: java.lang.invoke.DelegatingMethodHandle$Holder.delegate(Ljava/lang/Object;Ljava/lang/Object;ILjava/lang/Object;)V> (0x0000000089a90d30) thrown at [t:/workspace/open/src/hotspot/share/interpre
Event: 0.638 Thread 0x000001dab1e84000 Exception <a 'java/lang/NoSuchMethodError'{0x0000000089a980e0}: java.lang.invoke.DirectMethodHandle$Holder.invokeStaticInit(Ljava/lang/Object;Ljava/lang/Object;Ljava/lang/Object;)Ljava/lang/Object;> (0x0000000089a980e0) thrown at [t:/workspace/open/src/ho
Event: 0.738 Thread 0x000001dab1e84000 Exception <a 'sun/nio/fs/WindowsException'{0x0000000089afe360}> (0x0000000089afe360) thrown at [t:/workspace/open/src/hotspot/share/prims/jni.cpp, line 615]
Event: 0.739 Thread 0x000001dab1e84000 Exception <a 'sun/nio/fs/WindowsException'{0x0000000089afe8b8}> (0x0000000089afe8b8) thrown at [t:/workspace/open/src/hotspot/share/prims/jni.cpp, line 615]
Event: 0.813 Thread 0x000001dab1e84000 Exception <a 'sun/nio/fs/WindowsException'{0x000000008995aee8}> (0x000000008995aee8) thrown at [t:/workspace/open/src/hotspot/share/prims/jni.cpp, line 615]
Event: 0.814 Thread 0x000001dab1e84000 Exception <a 'sun/nio/fs/WindowsException'{0x000000008995b258}> (0x000000008995b258) thrown at [t:/workspace/open/src/hotspot/share/prims/jni.cpp, line 615]

Events (10 events):
Event: 0.878 loading class org/lwjgl/system/windows/WinBase
Event: 0.878 loading class org/lwjgl/system/windows/WinBase done
Event: 0.886 Thread 0x000001dab1e84000 DEOPT PACKING pc=0x000001daba78b338 sp=0x00000011515fdee0
Event: 0.886 Thread 0x000001dab1e84000 DEOPT UNPACKING pc=0x000001daba1d8d4e sp=0x00000011515fd338 mode 0
Event: 0.887 loading class org/lwjgl/glfw/GLFW$Functions
Event: 0.887 loading class org/lwjgl/glfw/GLFW$Functions done
Event: 0.894 loading class org/lwjgl/system/JNI
Event: 0.894 loading class org/lwjgl/system/JNI done
Event: 1.014 loading class org/lwjgl/glfw/EventLoop$OffScreen
Event: 1.014 loading class org/lwjgl/glfw/EventLoop$OffScreen done


Dynamic libraries:
0x00007ff6060e0000 - 0x00007ff606127000 	C:\Program Files\Java\jdk-11.0.3\bin\java.exe
0x00007ff82e9a0000 - 0x00007ff82eb90000 	C:\WINDOWS\SYSTEM32\ntdll.dll
0x00007ff8074e0000 - 0x00007ff8074f4000 	C:\Program Files\AVAST Software\Avast\aswhook.dll
0x00007ff82dbc0000 - 0x00007ff82dc72000 	C:\WINDOWS\System32\KERNEL32.DLL
0x00007ff82c780000 - 0x00007ff82ca23000 	C:\WINDOWS\System32\KERNELBASE.dll
0x00007ff82d9c0000 - 0x00007ff82da63000 	C:\WINDOWS\System32\ADVAPI32.dll
0x00007ff82df80000 - 0x00007ff82e01e000 	C:\WINDOWS\System32\msvcrt.dll
0x00007ff82da70000 - 0x00007ff82db07000 	C:\WINDOWS\System32\sechost.dll
0x00007ff82e770000 - 0x00007ff82e890000 	C:\WINDOWS\System32\RPCRT4.dll
0x00007ff82dc80000 - 0x00007ff82de14000 	C:\WINDOWS\System32\USER32.dll
0x00007ff82b930000 - 0x00007ff82b951000 	C:\WINDOWS\System32\win32u.dll
0x00007ff82ce60000 - 0x00007ff82ce86000 	C:\WINDOWS\System32\GDI32.dll
0x00007ff82bc00000 - 0x00007ff82bd94000 	C:\WINDOWS\System32\gdi32full.dll
0x00007ff82c650000 - 0x00007ff82c6ee000 	C:\WINDOWS\System32\msvcp_win.dll
0x00007ff82b9b0000 - 0x00007ff82baaa000 	C:\WINDOWS\System32\ucrtbase.dll
0x00007ff813df0000 - 0x00007ff814075000 	C:\WINDOWS\WinSxS\amd64_microsoft.windows.common-controls_6595b64144ccf1df_6.0.18362.535_none_e6c3b34713100821\COMCTL32.dll
0x00007ff82cac0000 - 0x00007ff82cdf6000 	C:\WINDOWS\System32\combase.dll
0x00007ff82bda0000 - 0x00007ff82be20000 	C:\WINDOWS\System32\bcryptPrimitives.dll
0x00007ff826560000 - 0x00007ff82656a000 	C:\WINDOWS\SYSTEM32\VERSION.dll
0x00007ff82d210000 - 0x00007ff82d23e000 	C:\WINDOWS\System32\IMM32.DLL
0x00007ff822670000 - 0x00007ff822686000 	C:\Program Files\Java\jdk-11.0.3\bin\vcruntime140.dll
0x00007ff8013c0000 - 0x00007ff80146a000 	C:\Program Files\Java\jdk-11.0.3\bin\msvcp140.dll
0x00007fffd3da0000 - 0x00007fffd48c7000 	C:\Program Files\Java\jdk-11.0.3\bin\server\jvm.dll
0x00007ff82d120000 - 0x00007ff82d128000 	C:\WINDOWS\System32\PSAPI.DLL
0x00007ff81b520000 - 0x00007ff81b529000 	C:\WINDOWS\SYSTEM32\WSOCK32.dll
0x00007ff82d0b0000 - 0x00007ff82d11f000 	C:\WINDOWS\System32\WS2_32.dll
0x00007ff824dd0000 - 0x00007ff824df4000 	C:\WINDOWS\SYSTEM32\WINMM.dll
0x00007ff8244f0000 - 0x00007ff82451d000 	C:\WINDOWS\SYSTEM32\WINMMBASE.dll
0x00007ff82b960000 - 0x00007ff82b9aa000 	C:\WINDOWS\System32\cfgmgr32.dll
0x00007ff82b880000 - 0x00007ff82b891000 	C:\WINDOWS\System32\kernel.appcore.dll
0x00007ff8222d0000 - 0x00007ff8222e1000 	C:\Program Files\Java\jdk-11.0.3\bin\verify.dll
0x00007ff825590000 - 0x00007ff825784000 	C:\WINDOWS\SYSTEM32\DBGHELP.DLL
0x00007ff8252a0000 - 0x00007ff8252ca000 	C:\WINDOWS\SYSTEM32\dbgcore.DLL
0x00007ff8160f0000 - 0x00007ff816119000 	C:\Program Files\Java\jdk-11.0.3\bin\java.dll
0x00007ff814da0000 - 0x00007ff814dcf000 	C:\Program Files\Java\jdk-11.0.3\bin\instrument.dll
0x00007ff820100000 - 0x00007ff820116000 	C:\Program Files\Java\jdk-11.0.3\bin\zip.dll
0x00007ff826600000 - 0x00007ff82660a000 	C:\Program Files\Java\jdk-11.0.3\bin\jimage.dll
0x00007ff82e020000 - 0x00007ff82e705000 	C:\WINDOWS\System32\SHELL32.dll
0x00007ff82d810000 - 0x00007ff82d8b9000 	C:\WINDOWS\System32\shcore.dll
0x00007ff82bed0000 - 0x00007ff82c64f000 	C:\WINDOWS\System32\windows.storage.dll
0x00007ff82b910000 - 0x00007ff82b92f000 	C:\WINDOWS\System32\profapi.dll
0x00007ff82b8a0000 - 0x00007ff82b8ea000 	C:\WINDOWS\System32\powrprof.dll
0x00007ff82b870000 - 0x00007ff82b880000 	C:\WINDOWS\System32\UMPDC.dll
0x00007ff82ce00000 - 0x00007ff82ce52000 	C:\WINDOWS\System32\shlwapi.dll
0x00007ff82ca30000 - 0x00007ff82ca47000 	C:\WINDOWS\System32\cryptsp.dll
0x00007ff81a400000 - 0x00007ff81a419000 	C:\Program Files\Java\jdk-11.0.3\bin\net.dll
0x00007ff81ce30000 - 0x00007ff81cf20000 	C:\WINDOWS\SYSTEM32\WINHTTP.dll
0x00007ff8245f0000 - 0x00007ff8247c6000 	C:\WINDOWS\SYSTEM32\urlmon.dll
0x00007ff821610000 - 0x00007ff8218b6000 	C:\WINDOWS\SYSTEM32\iertutil.dll
0x00007ff82b2b0000 - 0x00007ff82b2bc000 	C:\WINDOWS\SYSTEM32\CRYPTBASE.DLL
0x00007ff82b0e0000 - 0x00007ff82b147000 	C:\WINDOWS\system32\mswsock.dll
0x00007ff814dd0000 - 0x00007ff814de3000 	C:\Program Files\Java\jdk-11.0.3\bin\nio.dll
0x00007ff810cb0000 - 0x00007ff810cca000 	C:\Program Files\JetBrains\IntelliJ IDEA Community Edition 2018.3.4\bin\breakgen64.dll
0x00007ff80f030000 - 0x00007ff80f094000 	C:\Users\andrz\AppData\Local\Temp\lwjglandrz\3.2.3-build-13\lwjgl.dll
0x00007ff80ef80000 - 0x00007ff80efe2000 	C:\Users\andrz\AppData\Local\Temp\lwjglandrz\3.2.3-build-13\glfw.dll
0x00007ff829bf0000 - 0x00007ff829c89000 	C:\WINDOWS\system32\uxtheme.dll
0x00007ff800410000 - 0x00007ff800453000 	C:\WINDOWS\SYSTEM32\dinput8.dll
0x00007ff810c90000 - 0x00007ff810ca1000 	C:\WINDOWS\SYSTEM32\xinput1_4.dll
0x00007ff82b670000 - 0x00007ff82b69a000 	C:\WINDOWS\SYSTEM32\DEVOBJ.dll
0x00007ff82a1e0000 - 0x00007ff82a20d000 	C:\WINDOWS\SYSTEM32\dwmapi.dll
0x00007ff8235a0000 - 0x00007ff8236ba000 	C:\WINDOWS\SYSTEM32\inputhost.dll
0x00007ff829570000 - 0x00007ff829644000 	C:\WINDOWS\SYSTEM32\CoreMessaging.dll
0x00007ff8239e0000 - 0x00007ff823d0a000 	C:\WINDOWS\SYSTEM32\CoreUIComponents.dll
0x00007ff8280b0000 - 0x00007ff82819f000 	C:\WINDOWS\SYSTEM32\PROPSYS.dll
0x00007ff82e890000 - 0x00007ff82e954000 	C:\WINDOWS\System32\OLEAUT32.dll
0x00007ff828230000 - 0x00007ff828383000 	C:\WINDOWS\SYSTEM32\wintypes.dll
0x00007ff82a8d0000 - 0x00007ff82a901000 	C:\WINDOWS\SYSTEM32\ntmarta.dll
0x00007ff82d6b0000 - 0x00007ff82d7e5000 	C:\WINDOWS\System32\MSCTF.dll
0x00007ff82a480000 - 0x00007ff82a48e000 	C:\WINDOWS\SYSTEM32\HID.DLL
0x00007ff82d240000 - 0x00007ff82d6b0000 	C:\WINDOWS\System32\SETUPAPI.DLL
0x00007ff82c750000 - 0x00007ff82c776000 	C:\WINDOWS\System32\bcrypt.dll
0x00007ff82c6f0000 - 0x00007ff82c74c000 	C:\WINDOWS\System32\WINTRUST.dll
0x00007ff82b8f0000 - 0x00007ff82b902000 	C:\WINDOWS\System32\MSASN1.dll
0x00007ff82bab0000 - 0x00007ff82bbf9000 	C:\WINDOWS\System32\CRYPT32.dll

dbghelp: loaded successfully - version: 4.0.5 - missing functions: none
symbol engine: initialized successfully - sym options: 0x614 - pdb path: .;C:\Program Files\Java\jdk-11.0.3\bin;C:\WINDOWS\SYSTEM32;C:\Program Files\AVAST Software\Avast;C:\WINDOWS\WinSxS\amd64_microsoft.windows.common-controls_6595b64144ccf1df_6.0.18362.535_none_e6c3b34713100821;C:\Program Files\Java\jdk-11.0.3\bin\server;C:\Program Files\JetBrains\IntelliJ IDEA Community Edition 2018.3.4\bin;C:\Users\andrz\AppData\Local\Temp\lwjglandrz\3.2.3-build-13

VM Arguments:
jvm_args: -javaagent:C:\Program Files\JetBrains\IntelliJ IDEA Community Edition 2018.3.4\lib\idea_rt.jar=59926:C:\Program Files\JetBrains\IntelliJ IDEA Community Edition 2018.3.4\bin -Dfile.encoding=UTF-8 
java_command: game.Main
java_class_path (initial): C:\Users\andrz\IdeaProjects\LWJGLtutorial\target\classes;C:\Users\andrz\.m2\repository\org\lwjgl\lwjgl\3.2.3\lwjgl-3.2.3.jar;C:\Users\andrz\.m2\repository\org\lwjgl\lwjgl-assimp\3.2.3\lwjgl-assimp-3.2.3.jar;C:\Users\andrz\.m2\repository\org\lwjgl\lwjgl-glfw\3.2.3\lwjgl-glfw-3.2.3.jar;C:\Users\andrz\.m2\repository\org\lwjgl\lwjgl-openal\3.2.3\lwjgl-openal-3.2.3.jar;C:\Users\andrz\.m2\repository\org\lwjgl\lwjgl-opengl\3.2.3\lwjgl-opengl-3.2.3.jar;C:\Users\andrz\.m2\repository\org\lwjgl\lwjgl-stb\3.2.3\lwjgl-stb-3.2.3.jar;C:\Users\andrz\.m2\repository\org\lwjgl\lwjgl\3.2.3\lwjgl-3.2.3-natives-windows.jar;C:\Users\andrz\.m2\repository\org\lwjgl\lwjgl-assimp\3.2.3\lwjgl-assimp-3.2.3-natives-windows.jar;C:\Users\andrz\.m2\repository\org\lwjgl\lwjgl-glfw\3.2.3\lwjgl-glfw-3.2.3-natives-windows.jar;C:\Users\andrz\.m2\repository\org\lwjgl\lwjgl-openal\3.2.3\lwjgl-openal-3.2.3-natives-windows.jar;C:\Users\andrz\.m2\repository\org\lwjgl\lwjgl-opengl\3.2.3\lwjgl-opengl-3.2.3-natives-windows.jar;C:\Users\andrz\.m2\repository\org\lwjgl\lwjgl-stb\3.2.3\lwjgl-stb-3.2.3-natives-windows.jar
Launcher Type: SUN_STANDARD

[Global flags]
     intx CICompilerCount                          = 3                                         {product} {ergonomic}
     uint ConcGCThreads                            = 1                                         {product} {ergonomic}
     uint G1ConcRefinementThreads                  = 4                                         {product} {ergonomic}
   size_t G1HeapRegionSize                         = 1048576                                   {product} {ergonomic}
    uintx GCDrainStackTargetSize                   = 64                                        {product} {ergonomic}
   size_t InitialHeapSize                          = 134217728                                 {product} {ergonomic}
   size_t MarkStackSize                            = 4194304                                   {product} {ergonomic}
   size_t MaxHeapSize                              = 2116026368                                {product} {ergonomic}
   size_t MaxNewSize                               = 1268776960                                {product} {ergonomic}
   size_t MinHeapDeltaBytes                        = 1048576                                   {product} {ergonomic}
    uintx NonNMethodCodeHeapSize                   = 5830092                                {pd product} {ergonomic}
    uintx NonProfiledCodeHeapSize                  = 122914074                              {pd product} {ergonomic}
    uintx ProfiledCodeHeapSize                     = 122914074                              {pd product} {ergonomic}
    uintx ReservedCodeCacheSize                    = 251658240                              {pd product} {ergonomic}
     bool SegmentedCodeCache                       = true                                      {product} {ergonomic}
     bool UseCompressedClassPointers               = true                                 {lp64_product} {ergonomic}
     bool UseCompressedOops                        = true                                 {lp64_product} {ergonomic}
     bool UseG1GC                                  = true                                      {product} {ergonomic}
     bool UseLargePagesIndividualAllocation        = false                                  {pd product} {ergonomic}

Logging:
Log output configuration:
 #0: stdout all=warning uptime,level,tags
 #1: stderr all=off uptime,level,tags

Environment Variables:
JAVA_HOME=C:\Program Files\Java\jdk-11.0.3
PATH=C:\Program Files (x86)\Intel\Intel(R) Management Engine Components\iCLS\;C:\Program Files\Intel\Intel(R) Management Engine Components\iCLS\;C:\Windows\system32;C:\Windows;C:\Windows\System32\Wbem;C:\Windows\System32\WindowsPowerShell\v1.0\;C:\Program Files (x86)\Intel\Intel(R) Management Engine Components\DAL;C:\Program Files\Intel\Intel(R) Management Engine Components\DAL;C:\Program Files (x86)\Intel\Intel(R) Management Engine Components\IPT;C:\Program Files\Intel\Intel(R) Management Engine Components\IPT;C:\Program Files (x86)\NVIDIA Corporation\PhysX\Common;C:\Program Files\Git\cmd;C:\WINDOWS\system32;C:\WINDOWS;C:\WINDOWS\System32\Wbem;C:\WINDOWS\System32\WindowsPowerShell\v1.0\;C:\WINDOWS\System32\OpenSSH\;C:\Program Files\MySQL\MySQL Server 8.0\bin;C:\Program Files\nodejs\;C:\Program Files\Java\jdk-11.0.3\bin;C:\Program Files\apache-maven-3.6.0\bin;C:\Program Files\Java\jdk-11.0.3\bin;C:\Program Files\apache-maven-3.6.0\bin;C:\Users\andrz\AppData\Local\Microsoft\WindowsApps;C:\Program Files\MySQL\MySQL Server 8.0\bin;;C:\Users\andrz\AppData\Local\Programs\Microsoft VS Code\bin;C:\Users\andrz\AppData\Roaming\npm
USERNAME=andrz
OS=Windows_NT
PROCESSOR_IDENTIFIER=Intel64 Family 6 Model 142 Stepping 9, GenuineIntel



---------------  S Y S T E M  ---------------

OS: Windows 10 , 64 bit Build 18362 (10.0.18362.329)

CPU:total 4 (initial active 4) (2 cores per cpu, 2 threads per core) family 6 model 142 stepping 9, cmov, cx8, fxsr, mmx, sse, sse2, sse3, ssse3, sse4.1, sse4.2, popcnt, avx, avx2, aes, clmul, erms, 3dnowpref, lzcnt, ht, tsc, tscinvbit, bmi1, bmi2, adx, fma

Memory: 4k page, system-wide physical 8067M (2537M free)
TotalPageFile size 12419M (AvailPageFile size 3904M)
current process WorkingSet (physical memory assigned to process): 51M, peak: 51M
current process commit charge ("private bytes"): 205M, peak: 205M

vm_info: Java HotSpot(TM) 64-Bit Server VM (11.0.3+12-LTS) for windows-amd64 JRE (11.0.3+12-LTS), built on Apr  2 2019 12:43:09 by "mach5one" with MS VC++ 15.5 (VS2017)

END.
